{"C:\\ai automation\\telegram-bot\\src\\api.js": {"path":"C:\\ai automation\\telegram-bot\\src\\api.js","statementMap":{"0":{"start":{"line":1,"column":16},"end":{"line":1,"column":34}},"1":{"start":{"line":2,"column":21},"end":{"line":2,"column":62}},"2":{"start":{"line":3,"column":13},"end":{"line":3,"column":46}},"3":{"start":{"line":4,"column":14},"end":{"line":4,"column":48}},"4":{"start":{"line":5,"column":13},"end":{"line":5,"column":46}},"5":{"start":{"line":6,"column":21},"end":{"line":6,"column":62}},"6":{"start":{"line":7,"column":30},"end":{"line":7,"column":62}},"7":{"start":{"line":8,"column":21},"end":{"line":8,"column":39}},"8":{"start":{"line":10,"column":15},"end":{"line":10,"column":31}},"9":{"start":{"line":11,"column":0},"end":{"line":11,"column":44}},"10":{"start":{"line":14,"column":0},"end":{"line":32,"column":3}},"11":{"start":{"line":15,"column":2},"end":{"line":31,"column":3}},"12":{"start":{"line":16,"column":63},"end":{"line":16,"column":71}},"13":{"start":{"line":17,"column":4},"end":{"line":17,"column":99}},"14":{"start":{"line":17,"column":29},"end":{"line":17,"column":99}},"15":{"start":{"line":19,"column":26},"end":{"line":19,"column":46}},"16":{"start":{"line":20,"column":22},"end":{"line":20,"column":29}},"17":{"start":{"line":21,"column":4},"end":{"line":23,"column":5}},"18":{"start":{"line":22,"column":6},"end":{"line":22,"column":143}},"19":{"start":{"line":24,"column":4},"end":{"line":24,"column":57}},"20":{"start":{"line":24,"column":15},"end":{"line":24,"column":57}},"21":{"start":{"line":26,"column":21},"end":{"line":26,"column":61}},"22":{"start":{"line":27,"column":21},"end":{"line":27,"column":158}},"23":{"start":{"line":28,"column":4},"end":{"line":28,"column":36}},"24":{"start":{"line":30,"column":4},"end":{"line":30,"column":51}},"25":{"start":{"line":35,"column":0},"end":{"line":52,"column":3}},"26":{"start":{"line":36,"column":2},"end":{"line":51,"column":3}},"27":{"start":{"line":37,"column":36},"end":{"line":37,"column":45}},"28":{"start":{"line":38,"column":4},"end":{"line":38,"column":75}},"29":{"start":{"line":38,"column":17},"end":{"line":38,"column":75}},"30":{"start":{"line":40,"column":18},"end":{"line":40,"column":28}},"31":{"start":{"line":41,"column":4},"end":{"line":42,"column":60}},"32":{"start":{"line":41,"column":27},"end":{"line":41,"column":49}},"33":{"start":{"line":42,"column":9},"end":{"line":42,"column":60}},"34":{"start":{"line":42,"column":35},"end":{"line":42,"column":60}},"35":{"start":{"line":44,"column":16},"end":{"line":44,"column":68}},"36":{"start":{"line":45,"column":4},"end":{"line":45,"column":47}},"37":{"start":{"line":45,"column":13},"end":{"line":45,"column":47}},"38":{"start":{"line":47,"column":18},"end":{"line":47,"column":36}},"39":{"start":{"line":48,"column":4},"end":{"line":48,"column":26}},"40":{"start":{"line":50,"column":4},"end":{"line":50,"column":51}},"41":{"start":{"line":54,"column":0},"end":{"line":67,"column":3}},"42":{"start":{"line":55,"column":2},"end":{"line":66,"column":3}},"43":{"start":{"line":56,"column":55},"end":{"line":56,"column":63}},"44":{"start":{"line":57,"column":4},"end":{"line":57,"column":95}},"45":{"start":{"line":57,"column":27},"end":{"line":57,"column":95}},"46":{"start":{"line":58,"column":17},"end":{"line":61,"column":6}},"47":{"start":{"line":62,"column":4},"end":{"line":62,"column":22}},"48":{"start":{"line":63,"column":4},"end":{"line":63,"column":19}},"49":{"start":{"line":65,"column":4},"end":{"line":65,"column":51}},"50":{"start":{"line":69,"column":0},"end":{"line":77,"column":3}},"51":{"start":{"line":70,"column":2},"end":{"line":76,"column":3}},"52":{"start":{"line":71,"column":17},"end":{"line":71,"column":85}},"53":{"start":{"line":72,"column":4},"end":{"line":72,"column":72}},"54":{"start":{"line":72,"column":15},"end":{"line":72,"column":72}},"55":{"start":{"line":73,"column":4},"end":{"line":73,"column":19}},"56":{"start":{"line":75,"column":4},"end":{"line":75,"column":51}},"57":{"start":{"line":79,"column":0},"end":{"line":86,"column":3}},"58":{"start":{"line":80,"column":2},"end":{"line":85,"column":3}},"59":{"start":{"line":81,"column":4},"end":{"line":81,"column":48}},"60":{"start":{"line":82,"column":4},"end":{"line":82,"column":32}},"61":{"start":{"line":84,"column":4},"end":{"line":84,"column":51}},"62":{"start":{"line":89,"column":0},"end":{"line":104,"column":3}},"63":{"start":{"line":90,"column":2},"end":{"line":103,"column":3}},"64":{"start":{"line":91,"column":33},"end":{"line":91,"column":42}},"65":{"start":{"line":92,"column":4},"end":{"line":92,"column":75}},"66":{"start":{"line":92,"column":17},"end":{"line":92,"column":75}},"67":{"start":{"line":94,"column":18},"end":{"line":94,"column":28}},"68":{"start":{"line":95,"column":4},"end":{"line":95,"column":37}},"69":{"start":{"line":95,"column":20},"end":{"line":95,"column":37}},"70":{"start":{"line":96,"column":4},"end":{"line":96,"column":48}},"71":{"start":{"line":96,"column":14},"end":{"line":96,"column":48}},"72":{"start":{"line":97,"column":4},"end":{"line":97,"column":44}},"73":{"start":{"line":97,"column":12},"end":{"line":97,"column":44}},"74":{"start":{"line":99,"column":19},"end":{"line":99,"column":61}},"75":{"start":{"line":100,"column":4},"end":{"line":100,"column":27}},"76":{"start":{"line":102,"column":4},"end":{"line":102,"column":51}},"77":{"start":{"line":106,"column":0},"end":{"line":119,"column":3}},"78":{"start":{"line":107,"column":2},"end":{"line":118,"column":3}},"79":{"start":{"line":108,"column":57},"end":{"line":108,"column":65}},"80":{"start":{"line":109,"column":4},"end":{"line":109,"column":112}},"81":{"start":{"line":109,"column":37},"end":{"line":109,"column":112}},"82":{"start":{"line":110,"column":18},"end":{"line":113,"column":6}},"83":{"start":{"line":114,"column":4},"end":{"line":114,"column":23}},"84":{"start":{"line":115,"column":4},"end":{"line":115,"column":20}},"85":{"start":{"line":117,"column":4},"end":{"line":117,"column":51}},"86":{"start":{"line":121,"column":0},"end":{"line":128,"column":3}},"87":{"start":{"line":122,"column":2},"end":{"line":127,"column":3}},"88":{"start":{"line":123,"column":4},"end":{"line":123,"column":49}},"89":{"start":{"line":124,"column":4},"end":{"line":124,"column":32}},"90":{"start":{"line":126,"column":4},"end":{"line":126,"column":51}},"91":{"start":{"line":131,"column":0},"end":{"line":150,"column":3}},"92":{"start":{"line":132,"column":2},"end":{"line":149,"column":3}},"93":{"start":{"line":133,"column":30},"end":{"line":133,"column":39}},"94":{"start":{"line":134,"column":4},"end":{"line":134,"column":75}},"95":{"start":{"line":134,"column":17},"end":{"line":134,"column":75}},"96":{"start":{"line":137,"column":4},"end":{"line":145,"column":5}},"97":{"start":{"line":138,"column":20},"end":{"line":138,"column":42}},"98":{"start":{"line":139,"column":6},"end":{"line":142,"column":43}},"99":{"start":{"line":144,"column":6},"end":{"line":144,"column":66}},"100":{"start":{"line":146,"column":4},"end":{"line":146,"column":26}},"101":{"start":{"line":148,"column":4},"end":{"line":148,"column":51}},"102":{"start":{"line":152,"column":0},"end":{"line":171,"column":3}},"103":{"start":{"line":153,"column":2},"end":{"line":170,"column":3}},"104":{"start":{"line":154,"column":43},"end":{"line":154,"column":51}},"105":{"start":{"line":155,"column":4},"end":{"line":155,"column":112}},"106":{"start":{"line":155,"column":37},"end":{"line":155,"column":112}},"107":{"start":{"line":157,"column":21},"end":{"line":157,"column":56}},"108":{"start":{"line":158,"column":4},"end":{"line":167,"column":5}},"109":{"start":{"line":159,"column":6},"end":{"line":159,"column":33}},"110":{"start":{"line":160,"column":6},"end":{"line":160,"column":33}},"111":{"start":{"line":161,"column":6},"end":{"line":161,"column":28}},"112":{"start":{"line":162,"column":6},"end":{"line":162,"column":25}},"113":{"start":{"line":164,"column":19},"end":{"line":164,"column":83}},"114":{"start":{"line":165,"column":6},"end":{"line":165,"column":24}},"115":{"start":{"line":166,"column":6},"end":{"line":166,"column":21}},"116":{"start":{"line":169,"column":4},"end":{"line":169,"column":51}},"117":{"start":{"line":173,"column":0},"end":{"line":182,"column":3}},"118":{"start":{"line":174,"column":2},"end":{"line":181,"column":3}},"119":{"start":{"line":175,"column":23},"end":{"line":175,"column":32}},"120":{"start":{"line":176,"column":4},"end":{"line":176,"column":75}},"121":{"start":{"line":176,"column":17},"end":{"line":176,"column":75}},"122":{"start":{"line":177,"column":4},"end":{"line":177,"column":58}},"123":{"start":{"line":178,"column":4},"end":{"line":178,"column":32}},"124":{"start":{"line":180,"column":4},"end":{"line":180,"column":51}},"125":{"start":{"line":185,"column":0},"end":{"line":200,"column":3}},"126":{"start":{"line":186,"column":2},"end":{"line":199,"column":3}},"127":{"start":{"line":187,"column":33},"end":{"line":187,"column":42}},"128":{"start":{"line":188,"column":4},"end":{"line":188,"column":75}},"129":{"start":{"line":188,"column":17},"end":{"line":188,"column":75}},"130":{"start":{"line":190,"column":18},"end":{"line":190,"column":28}},"131":{"start":{"line":191,"column":4},"end":{"line":191,"column":36}},"132":{"start":{"line":191,"column":20},"end":{"line":191,"column":36}},"133":{"start":{"line":192,"column":4},"end":{"line":192,"column":47}},"134":{"start":{"line":192,"column":14},"end":{"line":192,"column":47}},"135":{"start":{"line":193,"column":4},"end":{"line":193,"column":43}},"136":{"start":{"line":193,"column":12},"end":{"line":193,"column":43}},"137":{"start":{"line":195,"column":20},"end":{"line":195,"column":69}},"138":{"start":{"line":196,"column":4},"end":{"line":196,"column":28}},"139":{"start":{"line":198,"column":4},"end":{"line":198,"column":51}},"140":{"start":{"line":202,"column":0},"end":{"line":218,"column":3}},"141":{"start":{"line":203,"column":2},"end":{"line":217,"column":3}},"142":{"start":{"line":204,"column":93},"end":{"line":204,"column":101}},"143":{"start":{"line":205,"column":4},"end":{"line":205,"column":93}},"144":{"start":{"line":205,"column":26},"end":{"line":205,"column":93}},"145":{"start":{"line":206,"column":18},"end":{"line":212,"column":6}},"146":{"start":{"line":213,"column":4},"end":{"line":213,"column":23}},"147":{"start":{"line":214,"column":4},"end":{"line":214,"column":20}},"148":{"start":{"line":216,"column":4},"end":{"line":216,"column":51}},"149":{"start":{"line":220,"column":0},"end":{"line":220,"column":24}}},"fnMap":{"0":{"name":"(anonymous_0)","decl":{"start":{"line":14,"column":24},"end":{"line":14,"column":25}},"loc":{"start":{"line":14,"column":44},"end":{"line":32,"column":1}},"line":14},"1":{"name":"(anonymous_1)","decl":{"start":{"line":35,"column":21},"end":{"line":35,"column":22}},"loc":{"start":{"line":35,"column":41},"end":{"line":52,"column":1}},"line":35},"2":{"name":"(anonymous_2)","decl":{"start":{"line":54,"column":22},"end":{"line":54,"column":23}},"loc":{"start":{"line":54,"column":42},"end":{"line":67,"column":1}},"line":54},"3":{"name":"(anonymous_3)","decl":{"start":{"line":69,"column":27},"end":{"line":69,"column":28}},"loc":{"start":{"line":69,"column":47},"end":{"line":77,"column":1}},"line":69},"4":{"name":"(anonymous_4)","decl":{"start":{"line":79,"column":28},"end":{"line":79,"column":29}},"loc":{"start":{"line":79,"column":48},"end":{"line":86,"column":1}},"line":79},"5":{"name":"(anonymous_5)","decl":{"start":{"line":89,"column":22},"end":{"line":89,"column":23}},"loc":{"start":{"line":89,"column":42},"end":{"line":104,"column":1}},"line":89},"6":{"name":"(anonymous_6)","decl":{"start":{"line":106,"column":23},"end":{"line":106,"column":24}},"loc":{"start":{"line":106,"column":43},"end":{"line":119,"column":1}},"line":106},"7":{"name":"(anonymous_7)","decl":{"start":{"line":121,"column":29},"end":{"line":121,"column":30}},"loc":{"start":{"line":121,"column":49},"end":{"line":128,"column":1}},"line":121},"8":{"name":"(anonymous_8)","decl":{"start":{"line":131,"column":21},"end":{"line":131,"column":22}},"loc":{"start":{"line":131,"column":41},"end":{"line":150,"column":1}},"line":131},"9":{"name":"(anonymous_9)","decl":{"start":{"line":152,"column":22},"end":{"line":152,"column":23}},"loc":{"start":{"line":152,"column":42},"end":{"line":171,"column":1}},"line":152},"10":{"name":"(anonymous_10)","decl":{"start":{"line":173,"column":29},"end":{"line":173,"column":30}},"loc":{"start":{"line":173,"column":49},"end":{"line":182,"column":1}},"line":173},"11":{"name":"(anonymous_11)","decl":{"start":{"line":185,"column":25},"end":{"line":185,"column":26}},"loc":{"start":{"line":185,"column":45},"end":{"line":200,"column":1}},"line":185},"12":{"name":"(anonymous_12)","decl":{"start":{"line":202,"column":26},"end":{"line":202,"column":27}},"loc":{"start":{"line":202,"column":46},"end":{"line":218,"column":1}},"line":202}},"branchMap":{"0":{"loc":{"start":{"line":17,"column":4},"end":{"line":17,"column":99}},"type":"if","locations":[{"start":{"line":17,"column":4},"end":{"line":17,"column":99}},{"start":{},"end":{}}],"line":17},"1":{"loc":{"start":{"line":17,"column":8},"end":{"line":17,"column":27}},"type":"binary-expr","locations":[{"start":{"line":17,"column":8},"end":{"line":17,"column":15}},{"start":{"line":17,"column":19},"end":{"line":17,"column":27}}],"line":17},"2":{"loc":{"start":{"line":21,"column":4},"end":{"line":23,"column":5}},"type":"if","locations":[{"start":{"line":21,"column":4},"end":{"line":23,"column":5}},{"start":{},"end":{}}],"line":21},"3":{"loc":{"start":{"line":24,"column":4},"end":{"line":24,"column":57}},"type":"if","locations":[{"start":{"line":24,"column":4},"end":{"line":24,"column":57}},{"start":{},"end":{}}],"line":24},"4":{"loc":{"start":{"line":27,"column":102},"end":{"line":27,"column":130}},"type":"cond-expr","locations":[{"start":{"line":27,"column":113},"end":{"line":27,"column":118}},{"start":{"line":27,"column":121},"end":{"line":27,"column":130}}],"line":27},"5":{"loc":{"start":{"line":38,"column":4},"end":{"line":38,"column":75}},"type":"if","locations":[{"start":{"line":38,"column":4},"end":{"line":38,"column":75}},{"start":{},"end":{}}],"line":38},"6":{"loc":{"start":{"line":41,"column":4},"end":{"line":42,"column":60}},"type":"if","locations":[{"start":{"line":41,"column":4},"end":{"line":42,"column":60}},{"start":{"line":42,"column":9},"end":{"line":42,"column":60}}],"line":41},"7":{"loc":{"start":{"line":42,"column":9},"end":{"line":42,"column":60}},"type":"if","locations":[{"start":{"line":42,"column":9},"end":{"line":42,"column":60}},{"start":{},"end":{}}],"line":42},"8":{"loc":{"start":{"line":45,"column":4},"end":{"line":45,"column":47}},"type":"if","locations":[{"start":{"line":45,"column":4},"end":{"line":45,"column":47}},{"start":{},"end":{}}],"line":45},"9":{"loc":{"start":{"line":48,"column":13},"end":{"line":48,"column":24}},"type":"binary-expr","locations":[{"start":{"line":48,"column":13},"end":{"line":48,"column":18}},{"start":{"line":48,"column":22},"end":{"line":48,"column":24}}],"line":48},"10":{"loc":{"start":{"line":57,"column":4},"end":{"line":57,"column":95}},"type":"if","locations":[{"start":{"line":57,"column":4},"end":{"line":57,"column":95}},{"start":{},"end":{}}],"line":57},"11":{"loc":{"start":{"line":57,"column":8},"end":{"line":57,"column":25}},"type":"binary-expr","locations":[{"start":{"line":57,"column":8},"end":{"line":57,"column":15}},{"start":{"line":57,"column":19},"end":{"line":57,"column":25}}],"line":57},"12":{"loc":{"start":{"line":59,"column":30},"end":{"line":59,"column":45}},"type":"binary-expr","locations":[{"start":{"line":59,"column":30},"end":{"line":59,"column":37}},{"start":{"line":59,"column":41},"end":{"line":59,"column":45}}],"line":59},"13":{"loc":{"start":{"line":60,"column":16},"end":{"line":60,"column":36}},"type":"binary-expr","locations":[{"start":{"line":60,"column":16},"end":{"line":60,"column":24}},{"start":{"line":60,"column":28},"end":{"line":60,"column":36}}],"line":60},"14":{"loc":{"start":{"line":60,"column":44},"end":{"line":60,"column":54}},"type":"binary-expr","locations":[{"start":{"line":60,"column":44},"end":{"line":60,"column":48}},{"start":{"line":60,"column":52},"end":{"line":60,"column":54}}],"line":60},"15":{"loc":{"start":{"line":72,"column":4},"end":{"line":72,"column":72}},"type":"if","locations":[{"start":{"line":72,"column":4},"end":{"line":72,"column":72}},{"start":{},"end":{}}],"line":72},"16":{"loc":{"start":{"line":92,"column":4},"end":{"line":92,"column":75}},"type":"if","locations":[{"start":{"line":92,"column":4},"end":{"line":92,"column":75}},{"start":{},"end":{}}],"line":92},"17":{"loc":{"start":{"line":95,"column":4},"end":{"line":95,"column":37}},"type":"if","locations":[{"start":{"line":95,"column":4},"end":{"line":95,"column":37}},{"start":{},"end":{}}],"line":95},"18":{"loc":{"start":{"line":95,"column":8},"end":{"line":95,"column":18}},"type":"binary-expr","locations":[{"start":{"line":95,"column":8},"end":{"line":95,"column":12}},{"start":{"line":95,"column":16},"end":{"line":95,"column":18}}],"line":95},"19":{"loc":{"start":{"line":96,"column":4},"end":{"line":96,"column":48}},"type":"if","locations":[{"start":{"line":96,"column":4},"end":{"line":96,"column":48}},{"start":{},"end":{}}],"line":96},"20":{"loc":{"start":{"line":97,"column":4},"end":{"line":97,"column":44}},"type":"if","locations":[{"start":{"line":97,"column":4},"end":{"line":97,"column":44}},{"start":{},"end":{}}],"line":97},"21":{"loc":{"start":{"line":100,"column":13},"end":{"line":100,"column":25}},"type":"binary-expr","locations":[{"start":{"line":100,"column":13},"end":{"line":100,"column":19}},{"start":{"line":100,"column":23},"end":{"line":100,"column":25}}],"line":100},"22":{"loc":{"start":{"line":109,"column":4},"end":{"line":109,"column":112}},"type":"if","locations":[{"start":{"line":109,"column":4},"end":{"line":109,"column":112}},{"start":{},"end":{}}],"line":109},"23":{"loc":{"start":{"line":109,"column":8},"end":{"line":109,"column":35}},"type":"binary-expr","locations":[{"start":{"line":109,"column":8},"end":{"line":109,"column":15}},{"start":{"line":109,"column":19},"end":{"line":109,"column":25}},{"start":{"line":109,"column":29},"end":{"line":109,"column":35}}],"line":109},"24":{"loc":{"start":{"line":111,"column":50},"end":{"line":111,"column":76}},"type":"cond-expr","locations":[{"start":{"line":111,"column":56},"end":{"line":111,"column":69}},{"start":{"line":111,"column":72},"end":{"line":111,"column":76}}],"line":111},"25":{"loc":{"start":{"line":112,"column":14},"end":{"line":112,"column":29}},"type":"binary-expr","locations":[{"start":{"line":112,"column":14},"end":{"line":112,"column":20}},{"start":{"line":112,"column":24},"end":{"line":112,"column":29}}],"line":112},"26":{"loc":{"start":{"line":112,"column":38},"end":{"line":112,"column":49}},"type":"binary-expr","locations":[{"start":{"line":112,"column":38},"end":{"line":112,"column":43}},{"start":{"line":112,"column":47},"end":{"line":112,"column":49}}],"line":112},"27":{"loc":{"start":{"line":134,"column":4},"end":{"line":134,"column":75}},"type":"if","locations":[{"start":{"line":134,"column":4},"end":{"line":134,"column":75}},{"start":{},"end":{}}],"line":134},"28":{"loc":{"start":{"line":137,"column":4},"end":{"line":145,"column":5}},"type":"if","locations":[{"start":{"line":137,"column":4},"end":{"line":145,"column":5}},{"start":{"line":143,"column":11},"end":{"line":145,"column":5}}],"line":137},"29":{"loc":{"start":{"line":146,"column":13},"end":{"line":146,"column":24}},"type":"binary-expr","locations":[{"start":{"line":146,"column":13},"end":{"line":146,"column":18}},{"start":{"line":146,"column":22},"end":{"line":146,"column":24}}],"line":146},"30":{"loc":{"start":{"line":155,"column":4},"end":{"line":155,"column":112}},"type":"if","locations":[{"start":{"line":155,"column":4},"end":{"line":155,"column":112}},{"start":{},"end":{}}],"line":155},"31":{"loc":{"start":{"line":155,"column":8},"end":{"line":155,"column":35}},"type":"binary-expr","locations":[{"start":{"line":155,"column":8},"end":{"line":155,"column":15}},{"start":{"line":155,"column":19},"end":{"line":155,"column":23}},{"start":{"line":155,"column":27},"end":{"line":155,"column":35}}],"line":155},"32":{"loc":{"start":{"line":158,"column":4},"end":{"line":167,"column":5}},"type":"if","locations":[{"start":{"line":158,"column":4},"end":{"line":167,"column":5}},{"start":{"line":163,"column":11},"end":{"line":167,"column":5}}],"line":158},"33":{"loc":{"start":{"line":160,"column":22},"end":{"line":160,"column":32}},"type":"binary-expr","locations":[{"start":{"line":160,"column":22},"end":{"line":160,"column":26}},{"start":{"line":160,"column":30},"end":{"line":160,"column":32}}],"line":160},"34":{"loc":{"start":{"line":164,"column":70},"end":{"line":164,"column":80}},"type":"binary-expr","locations":[{"start":{"line":164,"column":70},"end":{"line":164,"column":74}},{"start":{"line":164,"column":78},"end":{"line":164,"column":80}}],"line":164},"35":{"loc":{"start":{"line":176,"column":4},"end":{"line":176,"column":75}},"type":"if","locations":[{"start":{"line":176,"column":4},"end":{"line":176,"column":75}},{"start":{},"end":{}}],"line":176},"36":{"loc":{"start":{"line":188,"column":4},"end":{"line":188,"column":75}},"type":"if","locations":[{"start":{"line":188,"column":4},"end":{"line":188,"column":75}},{"start":{},"end":{}}],"line":188},"37":{"loc":{"start":{"line":191,"column":4},"end":{"line":191,"column":36}},"type":"if","locations":[{"start":{"line":191,"column":4},"end":{"line":191,"column":36}},{"start":{},"end":{}}],"line":191},"38":{"loc":{"start":{"line":191,"column":8},"end":{"line":191,"column":18}},"type":"binary-expr","locations":[{"start":{"line":191,"column":8},"end":{"line":191,"column":12}},{"start":{"line":191,"column":16},"end":{"line":191,"column":18}}],"line":191},"39":{"loc":{"start":{"line":192,"column":4},"end":{"line":192,"column":47}},"type":"if","locations":[{"start":{"line":192,"column":4},"end":{"line":192,"column":47}},{"start":{},"end":{}}],"line":192},"40":{"loc":{"start":{"line":193,"column":4},"end":{"line":193,"column":43}},"type":"if","locations":[{"start":{"line":193,"column":4},"end":{"line":193,"column":43}},{"start":{},"end":{}}],"line":193},"41":{"loc":{"start":{"line":196,"column":13},"end":{"line":196,"column":26}},"type":"binary-expr","locations":[{"start":{"line":196,"column":13},"end":{"line":196,"column":20}},{"start":{"line":196,"column":24},"end":{"line":196,"column":26}}],"line":196},"42":{"loc":{"start":{"line":205,"column":4},"end":{"line":205,"column":93}},"type":"if","locations":[{"start":{"line":205,"column":4},"end":{"line":205,"column":93}},{"start":{},"end":{}}],"line":205},"43":{"loc":{"start":{"line":205,"column":8},"end":{"line":205,"column":24}},"type":"binary-expr","locations":[{"start":{"line":205,"column":8},"end":{"line":205,"column":15}},{"start":{"line":205,"column":19},"end":{"line":205,"column":24}}],"line":205},"44":{"loc":{"start":{"line":208,"column":16},"end":{"line":208,"column":35}},"type":"binary-expr","locations":[{"start":{"line":208,"column":16},"end":{"line":208,"column":24}},{"start":{"line":208,"column":28},"end":{"line":208,"column":35}}],"line":208},"45":{"loc":{"start":{"line":208,"column":43},"end":{"line":208,"column":77}},"type":"cond-expr","locations":[{"start":{"line":208,"column":50},"end":{"line":208,"column":64}},{"start":{"line":208,"column":67},"end":{"line":208,"column":77}}],"line":208},"46":{"loc":{"start":{"line":209,"column":27},"end":{"line":209,"column":40}},"type":"binary-expr","locations":[{"start":{"line":209,"column":27},"end":{"line":209,"column":35}},{"start":{"line":209,"column":39},"end":{"line":209,"column":40}}],"line":209},"47":{"loc":{"start":{"line":209,"column":63},"end":{"line":209,"column":75}},"type":"binary-expr","locations":[{"start":{"line":209,"column":63},"end":{"line":209,"column":70}},{"start":{"line":209,"column":74},"end":{"line":209,"column":75}}],"line":209},"48":{"loc":{"start":{"line":210,"column":24},"end":{"line":210,"column":34}},"type":"binary-expr","locations":[{"start":{"line":210,"column":24},"end":{"line":210,"column":29}},{"start":{"line":210,"column":33},"end":{"line":210,"column":34}}],"line":210},"49":{"loc":{"start":{"line":210,"column":53},"end":{"line":210,"column":61}},"type":"binary-expr","locations":[{"start":{"line":210,"column":53},"end":{"line":210,"column":56}},{"start":{"line":210,"column":60},"end":{"line":210,"column":61}}],"line":210},"50":{"loc":{"start":{"line":211,"column":13},"end":{"line":211,"column":24}},"type":"binary-expr","locations":[{"start":{"line":211,"column":13},"end":{"line":211,"column":18}},{"start":{"line":211,"column":22},"end":{"line":211,"column":24}}],"line":211},"51":{"loc":{"start":{"line":211,"column":36},"end":{"line":211,"column":50}},"type":"binary-expr","locations":[{"start":{"line":211,"column":36},"end":{"line":211,"column":44}},{"start":{"line":211,"column":48},"end":{"line":211,"column":50}}],"line":211}},"s":{"0":0,"1":0,"2":0,"3":0,"4":0,"5":0,"6":0,"7":0,"8":0,"9":0,"10":0,"11":0,"12":0,"13":0,"14":0,"15":0,"16":0,"17":0,"18":0,"19":0,"20":0,"21":0,"22":0,"23":0,"24":0,"25":0,"26":0,"27":0,"28":0,"29":0,"30":0,"31":0,"32":0,"33":0,"34":0,"35":0,"36":0,"37":0,"38":0,"39":0,"40":0,"41":0,"42":0,"43":0,"44":0,"45":0,"46":0,"47":0,"48":0,"49":0,"50":0,"51":0,"52":0,"53":0,"54":0,"55":0,"56":0,"57":0,"58":0,"59":0,"60":0,"61":0,"62":0,"63":0,"64":0,"65":0,"66":0,"67":0,"68":0,"69":0,"70":0,"71":0,"72":0,"73":0,"74":0,"75":0,"76":0,"77":0,"78":0,"79":0,"80":0,"81":0,"82":0,"83":0,"84":0,"85":0,"86":0,"87":0,"88":0,"89":0,"90":0,"91":0,"92":0,"93":0,"94":0,"95":0,"96":0,"97":0,"98":0,"99":0,"100":0,"101":0,"102":0,"103":0,"104":0,"105":0,"106":0,"107":0,"108":0,"109":0,"110":0,"111":0,"112":0,"113":0,"114":0,"115":0,"116":0,"117":0,"118":0,"119":0,"120":0,"121":0,"122":0,"123":0,"124":0,"125":0,"126":0,"127":0,"128":0,"129":0,"130":0,"131":0,"132":0,"133":0,"134":0,"135":0,"136":0,"137":0,"138":0,"139":0,"140":0,"141":0,"142":0,"143":0,"144":0,"145":0,"146":0,"147":0,"148":0,"149":0},"f":{"0":0,"1":0,"2":0,"3":0,"4":0,"5":0,"6":0,"7":0,"8":0,"9":0,"10":0,"11":0,"12":0},"b":{"0":[0,0],"1":[0,0],"2":[0,0],"3":[0,0],"4":[0,0],"5":[0,0],"6":[0,0],"7":[0,0],"8":[0,0],"9":[0,0],"10":[0,0],"11":[0,0],"12":[0,0],"13":[0,0],"14":[0,0],"15":[0,0],"16":[0,0],"17":[0,0],"18":[0,0],"19":[0,0],"20":[0,0],"21":[0,0],"22":[0,0],"23":[0,0,0],"24":[0,0],"25":[0,0],"26":[0,0],"27":[0,0],"28":[0,0],"29":[0,0],"30":[0,0],"31":[0,0,0],"32":[0,0],"33":[0,0],"34":[0,0],"35":[0,0],"36":[0,0],"37":[0,0],"38":[0,0],"39":[0,0],"40":[0,0],"41":[0,0],"42":[0,0],"43":[0,0],"44":[0,0],"45":[0,0],"46":[0,0],"47":[0,0],"48":[0,0],"49":[0,0],"50":[0,0],"51":[0,0]}}
,"C:\\ai automation\\telegram-bot\\src\\bot\\index.js": {"path":"C:\\ai automation\\telegram-bot\\src\\bot\\index.js","statementMap":{"0":{"start":{"line":1,"column":20},"end":{"line":1,"column":52}},"1":{"start":{"line":2,"column":15},"end":{"line":2,"column":35}},"2":{"start":{"line":3,"column":21},"end":{"line":3,"column":63}},"3":{"start":{"line":4,"column":68},"end":{"line":4,"column":97}},"4":{"start":{"line":5,"column":24},"end":{"line":5,"column":46}},"5":{"start":{"line":6,"column":21},"end":{"line":6,"column":40}},"6":{"start":{"line":7,"column":27},"end":{"line":7,"column":63}},"7":{"start":{"line":8,"column":53},"end":{"line":8,"column":90}},"8":{"start":{"line":9,"column":22},"end":{"line":9,"column":55}},"9":{"start":{"line":10,"column":44},"end":{"line":10,"column":85}},"10":{"start":{"line":12,"column":20},"end":{"line":12,"column":24}},"11":{"start":{"line":15,"column":2},"end":{"line":18,"column":3}},"12":{"start":{"line":16,"column":4},"end":{"line":16,"column":40}},"13":{"start":{"line":17,"column":4},"end":{"line":17,"column":11}},"14":{"start":{"line":20,"column":18},"end":{"line":20,"column":22}},"15":{"start":{"line":21,"column":2},"end":{"line":36,"column":3}},"16":{"start":{"line":22,"column":4},"end":{"line":25,"column":5}},"17":{"start":{"line":23,"column":6},"end":{"line":23,"column":54}},"18":{"start":{"line":24,"column":6},"end":{"line":24,"column":12}},"19":{"start":{"line":27,"column":18},"end":{"line":27,"column":60}},"20":{"start":{"line":28,"column":4},"end":{"line":28,"column":86}},"21":{"start":{"line":28,"column":35},"end":{"line":28,"column":86}},"22":{"start":{"line":29,"column":4},"end":{"line":29,"column":85}},"23":{"start":{"line":29,"column":35},"end":{"line":29,"column":85}},"24":{"start":{"line":30,"column":4},"end":{"line":30,"column":57}},"25":{"start":{"line":30,"column":35},"end":{"line":30,"column":57}},"26":{"start":{"line":32,"column":18},"end":{"line":32,"column":52}},"27":{"start":{"line":33,"column":4},"end":{"line":33,"column":41}},"28":{"start":{"line":35,"column":4},"end":{"line":35,"column":52}},"29":{"start":{"line":35,"column":15},"end":{"line":35,"column":52}},"30":{"start":{"line":40,"column":2},"end":{"line":54,"column":12}},"31":{"start":{"line":60,"column":2},"end":{"line":63,"column":3}},"32":{"start":{"line":61,"column":16},"end":{"line":61,"column":46}},"33":{"start":{"line":62,"column":4},"end":{"line":62,"column":27}},"34":{"start":{"line":64,"column":2},"end":{"line":64,"column":18}},"35":{"start":{"line":68,"column":2},"end":{"line":68,"column":55}},"36":{"start":{"line":69,"column":19},"end":{"line":71,"column":10}},"37":{"start":{"line":70,"column":4},"end":{"line":70,"column":57}},"38":{"start":{"line":72,"column":2},"end":{"line":72,"column":39}},"39":{"start":{"line":72,"column":15},"end":{"line":72,"column":38}},"40":{"start":{"line":76,"column":21},"end":{"line":76,"column":39}},"41":{"start":{"line":77,"column":2},"end":{"line":234,"column":3}},"42":{"start":{"line":78,"column":21},"end":{"line":82,"column":5}},"43":{"start":{"line":79,"column":57},"end":{"line":79,"column":61}},"44":{"start":{"line":84,"column":23},"end":{"line":84,"column":61}},"45":{"start":{"line":85,"column":4},"end":{"line":87,"column":5}},"46":{"start":{"line":86,"column":6},"end":{"line":86,"column":64}},"47":{"start":{"line":89,"column":20},"end":{"line":89,"column":45}},"48":{"start":{"line":90,"column":21},"end":{"line":90,"column":70}},"49":{"start":{"line":91,"column":17},"end":{"line":91,"column":62}},"50":{"start":{"line":93,"column":4},"end":{"line":95,"column":5}},"51":{"start":{"line":94,"column":6},"end":{"line":94,"column":64}},"52":{"start":{"line":97,"column":4},"end":{"line":101,"column":7}},"53":{"start":{"line":103,"column":27},"end":{"line":103,"column":82}},"54":{"start":{"line":104,"column":25},"end":{"line":107,"column":7}},"55":{"start":{"line":104,"column":52},"end":{"line":107,"column":5}},"56":{"start":{"line":109,"column":4},"end":{"line":117,"column":5}},"57":{"start":{"line":110,"column":19},"end":{"line":110,"column":60}},"58":{"start":{"line":111,"column":6},"end":{"line":116,"column":7}},"59":{"start":{"line":112,"column":8},"end":{"line":115,"column":10}},"60":{"start":{"line":119,"column":22},"end":{"line":119,"column":65}},"61":{"start":{"line":120,"column":4},"end":{"line":127,"column":5}},"62":{"start":{"line":121,"column":6},"end":{"line":126,"column":92}},"63":{"start":{"line":129,"column":22},"end":{"line":129,"column":52}},"64":{"start":{"line":130,"column":26},"end":{"line":130,"column":112}},"65":{"start":{"line":131,"column":19},"end":{"line":131,"column":21}},"66":{"start":{"line":133,"column":4},"end":{"line":217,"column":5}},"67":{"start":{"line":134,"column":6},"end":{"line":202,"column":7}},"68":{"start":{"line":136,"column":23},"end":{"line":136,"column":83}},"69":{"start":{"line":137,"column":24},"end":{"line":137,"column":28}},"70":{"start":{"line":138,"column":21},"end":{"line":138,"column":23}},"71":{"start":{"line":139,"column":27},"end":{"line":139,"column":30}},"72":{"start":{"line":141,"column":8},"end":{"line":157,"column":9}},"73":{"start":{"line":142,"column":26},"end":{"line":142,"column":64}},"74":{"start":{"line":143,"column":10},"end":{"line":156,"column":11}},"75":{"start":{"line":144,"column":12},"end":{"line":144,"column":30}},"76":{"start":{"line":145,"column":12},"end":{"line":145,"column":32}},"77":{"start":{"line":147,"column":12},"end":{"line":155,"column":13}},"78":{"start":{"line":148,"column":14},"end":{"line":153,"column":15}},"79":{"start":{"line":149,"column":29},"end":{"line":149,"column":81}},"80":{"start":{"line":150,"column":16},"end":{"line":150,"column":44}},"81":{"start":{"line":152,"column":16},"end":{"line":152,"column":109}},"82":{"start":{"line":154,"column":14},"end":{"line":154,"column":26}},"83":{"start":{"line":160,"column":8},"end":{"line":166,"column":9}},"84":{"start":{"line":161,"column":10},"end":{"line":165,"column":11}},"85":{"start":{"line":162,"column":12},"end":{"line":162,"column":65}},"86":{"start":{"line":164,"column":12},"end":{"line":164,"column":105}},"87":{"start":{"line":169,"column":23},"end":{"line":171,"column":9}},"88":{"start":{"line":173,"column":24},"end":{"line":173,"column":28}},"89":{"start":{"line":174,"column":21},"end":{"line":174,"column":23}},"90":{"start":{"line":175,"column":27},"end":{"line":175,"column":30}},"91":{"start":{"line":177,"column":8},"end":{"line":193,"column":9}},"92":{"start":{"line":178,"column":26},"end":{"line":178,"column":64}},"93":{"start":{"line":179,"column":10},"end":{"line":192,"column":11}},"94":{"start":{"line":180,"column":12},"end":{"line":180,"column":30}},"95":{"start":{"line":181,"column":12},"end":{"line":181,"column":32}},"96":{"start":{"line":183,"column":12},"end":{"line":191,"column":13}},"97":{"start":{"line":184,"column":14},"end":{"line":189,"column":15}},"98":{"start":{"line":185,"column":29},"end":{"line":185,"column":81}},"99":{"start":{"line":186,"column":16},"end":{"line":186,"column":44}},"100":{"start":{"line":188,"column":16},"end":{"line":188,"column":109}},"101":{"start":{"line":190,"column":14},"end":{"line":190,"column":26}},"102":{"start":{"line":195,"column":8},"end":{"line":201,"column":9}},"103":{"start":{"line":196,"column":10},"end":{"line":200,"column":11}},"104":{"start":{"line":197,"column":12},"end":{"line":197,"column":65}},"105":{"start":{"line":199,"column":12},"end":{"line":199,"column":105}},"106":{"start":{"line":204,"column":6},"end":{"line":216,"column":7}},"107":{"start":{"line":205,"column":8},"end":{"line":205,"column":84}},"108":{"start":{"line":206,"column":21},"end":{"line":206,"column":62}},"109":{"start":{"line":207,"column":8},"end":{"line":209,"column":9}},"110":{"start":{"line":208,"column":10},"end":{"line":208,"column":37}},"111":{"start":{"line":211,"column":8},"end":{"line":213,"column":10}},"112":{"start":{"line":215,"column":8},"end":{"line":215,"column":18}},"113":{"start":{"line":219,"column":4},"end":{"line":223,"column":7}},"114":{"start":{"line":225,"column":4},"end":{"line":225,"column":30}},"115":{"start":{"line":227,"column":4},"end":{"line":229,"column":5}},"116":{"start":{"line":228,"column":6},"end":{"line":228,"column":51}},"117":{"start":{"line":231,"column":4},"end":{"line":231,"column":20}},"118":{"start":{"line":233,"column":4},"end":{"line":233,"column":17}},"119":{"start":{"line":238,"column":2},"end":{"line":245,"column":5}},"120":{"start":{"line":247,"column":2},"end":{"line":300,"column":5}},"121":{"start":{"line":248,"column":19},"end":{"line":248,"column":30}},"122":{"start":{"line":249,"column":17},"end":{"line":249,"column":40}},"123":{"start":{"line":250,"column":19},"end":{"line":250,"column":38}},"124":{"start":{"line":252,"column":4},"end":{"line":252,"column":28}},"125":{"start":{"line":254,"column":4},"end":{"line":266,"column":5}},"126":{"start":{"line":255,"column":6},"end":{"line":255,"column":42}},"127":{"start":{"line":255,"column":35},"end":{"line":255,"column":42}},"128":{"start":{"line":256,"column":6},"end":{"line":263,"column":7}},"129":{"start":{"line":257,"column":29},"end":{"line":257,"column":51}},"130":{"start":{"line":258,"column":8},"end":{"line":262,"column":9}},"131":{"start":{"line":259,"column":26},"end":{"line":259,"column":72}},"132":{"start":{"line":260,"column":10},"end":{"line":260,"column":65}},"133":{"start":{"line":260,"column":25},"end":{"line":260,"column":63}},"134":{"start":{"line":261,"column":10},"end":{"line":261,"column":17}},"135":{"start":{"line":264,"column":6},"end":{"line":264,"column":40}},"136":{"start":{"line":265,"column":6},"end":{"line":265,"column":13}},"137":{"start":{"line":268,"column":4},"end":{"line":273,"column":5}},"138":{"start":{"line":269,"column":6},"end":{"line":271,"column":7}},"139":{"start":{"line":270,"column":8},"end":{"line":270,"column":39}},"140":{"start":{"line":272,"column":6},"end":{"line":272,"column":13}},"141":{"start":{"line":275,"column":4},"end":{"line":277,"column":5}},"142":{"start":{"line":276,"column":6},"end":{"line":276,"column":13}},"143":{"start":{"line":279,"column":25},"end":{"line":279,"column":47}},"144":{"start":{"line":280,"column":4},"end":{"line":287,"column":5}},"145":{"start":{"line":281,"column":22},"end":{"line":281,"column":51}},"146":{"start":{"line":282,"column":22},"end":{"line":282,"column":46}},"147":{"start":{"line":283,"column":6},"end":{"line":285,"column":7}},"148":{"start":{"line":284,"column":8},"end":{"line":284,"column":46}},"149":{"start":{"line":286,"column":6},"end":{"line":286,"column":13}},"150":{"start":{"line":289,"column":4},"end":{"line":299,"column":5}},"151":{"start":{"line":290,"column":25},"end":{"line":290,"column":53}},"152":{"start":{"line":291,"column":24},"end":{"line":291,"column":81}},"153":{"start":{"line":293,"column":23},"end":{"line":293,"column":102}},"154":{"start":{"line":294,"column":6},"end":{"line":294,"column":46}},"155":{"start":{"line":296,"column":6},"end":{"line":296,"column":56}},"156":{"start":{"line":297,"column":6},"end":{"line":297,"column":97}},"157":{"start":{"line":298,"column":6},"end":{"line":298,"column":112}},"158":{"start":{"line":302,"column":2},"end":{"line":316,"column":5}},"159":{"start":{"line":303,"column":4},"end":{"line":303,"column":60}},"160":{"start":{"line":304,"column":4},"end":{"line":304,"column":69}},"161":{"start":{"line":306,"column":4},"end":{"line":315,"column":5}},"162":{"start":{"line":307,"column":6},"end":{"line":311,"column":7}},"163":{"start":{"line":308,"column":8},"end":{"line":308,"column":32}},"164":{"start":{"line":312,"column":6},"end":{"line":314,"column":15}},"165":{"start":{"line":313,"column":8},"end":{"line":313,"column":93}},"166":{"start":{"line":313,"column":40},"end":{"line":313,"column":91}},"167":{"start":{"line":318,"column":2},"end":{"line":320,"column":5}},"168":{"start":{"line":319,"column":4},"end":{"line":319,"column":52}},"169":{"start":{"line":322,"column":2},"end":{"line":322,"column":35}},"170":{"start":{"line":323,"column":2},"end":{"line":323,"column":13}},"171":{"start":{"line":327,"column":17},"end":{"line":327,"column":28}},"172":{"start":{"line":328,"column":17},"end":{"line":328,"column":36}},"173":{"start":{"line":330,"column":2},"end":{"line":342,"column":3}},"174":{"start":{"line":331,"column":18},"end":{"line":331,"column":49}},"175":{"start":{"line":332,"column":17},"end":{"line":332,"column":49}},"176":{"start":{"line":333,"column":21},"end":{"line":333,"column":97}},"177":{"start":{"line":335,"column":17},"end":{"line":335,"column":161}},"178":{"start":{"line":336,"column":21},"end":{"line":336,"column":100}},"179":{"start":{"line":337,"column":4},"end":{"line":337,"column":44}},"180":{"start":{"line":339,"column":4},"end":{"line":339,"column":52}},"181":{"start":{"line":340,"column":4},"end":{"line":340,"column":63}},"182":{"start":{"line":341,"column":4},"end":{"line":341,"column":76}},"183":{"start":{"line":346,"column":17},"end":{"line":346,"column":28}},"184":{"start":{"line":347,"column":17},"end":{"line":347,"column":36}},"185":{"start":{"line":349,"column":2},"end":{"line":349,"column":38}},"186":{"start":{"line":349,"column":31},"end":{"line":349,"column":38}},"187":{"start":{"line":351,"column":2},"end":{"line":372,"column":3}},"188":{"start":{"line":352,"column":17},"end":{"line":352,"column":56}},"189":{"start":{"line":353,"column":20},"end":{"line":353,"column":96}},"190":{"start":{"line":355,"column":16},"end":{"line":355,"column":36}},"191":{"start":{"line":356,"column":19},"end":{"line":356,"column":55}},"192":{"start":{"line":358,"column":22},"end":{"line":358,"column":93}},"193":{"start":{"line":360,"column":4},"end":{"line":363,"column":5}},"194":{"start":{"line":361,"column":6},"end":{"line":361,"column":91}},"195":{"start":{"line":362,"column":6},"end":{"line":362,"column":13}},"196":{"start":{"line":365,"column":21},"end":{"line":365,"column":73}},"197":{"start":{"line":366,"column":21},"end":{"line":366,"column":99}},"198":{"start":{"line":367,"column":4},"end":{"line":367,"column":44}},"199":{"start":{"line":369,"column":4},"end":{"line":369,"column":55}},"200":{"start":{"line":370,"column":4},"end":{"line":370,"column":100}},"201":{"start":{"line":371,"column":4},"end":{"line":371,"column":72}},"202":{"start":{"line":376,"column":2},"end":{"line":376,"column":13}},"203":{"start":{"line":379,"column":0},"end":{"line":379,"column":38}}},"fnMap":{"0":{"name":"sendLongMessage","decl":{"start":{"line":14,"column":15},"end":{"line":14,"column":30}},"loc":{"start":{"line":14,"column":45},"end":{"line":37,"column":1}},"line":14},"1":{"name":"stripMarkdown","decl":{"start":{"line":39,"column":9},"end":{"line":39,"column":22}},"loc":{"start":{"line":39,"column":29},"end":{"line":55,"column":1}},"line":39},"2":{"name":"getMetadata","decl":{"start":{"line":59,"column":15},"end":{"line":59,"column":26}},"loc":{"start":{"line":59,"column":56},"end":{"line":65,"column":1}},"line":59},"3":{"name":"keepTyping","decl":{"start":{"line":67,"column":9},"end":{"line":67,"column":19}},"loc":{"start":{"line":67,"column":28},"end":{"line":73,"column":1}},"line":67},"4":{"name":"(anonymous_4)","decl":{"start":{"line":68,"column":45},"end":{"line":68,"column":46}},"loc":{"start":{"line":68,"column":51},"end":{"line":68,"column":53}},"line":68},"5":{"name":"(anonymous_5)","decl":{"start":{"line":69,"column":31},"end":{"line":69,"column":32}},"loc":{"start":{"line":69,"column":37},"end":{"line":71,"column":3}},"line":69},"6":{"name":"(anonymous_6)","decl":{"start":{"line":70,"column":47},"end":{"line":70,"column":48}},"loc":{"start":{"line":70,"column":53},"end":{"line":70,"column":55}},"line":70},"7":{"name":"(anonymous_7)","decl":{"start":{"line":72,"column":9},"end":{"line":72,"column":10}},"loc":{"start":{"line":72,"column":15},"end":{"line":72,"column":38}},"line":72},"8":{"name":"processConversation","decl":{"start":{"line":75,"column":15},"end":{"line":75,"column":34}},"loc":{"start":{"line":75,"column":86},"end":{"line":235,"column":1}},"line":75},"9":{"name":"(anonymous_9)","decl":{"start":{"line":79,"column":51},"end":{"line":79,"column":52}},"loc":{"start":{"line":79,"column":57},"end":{"line":79,"column":61}},"line":79},"10":{"name":"(anonymous_10)","decl":{"start":{"line":104,"column":44},"end":{"line":104,"column":45}},"loc":{"start":{"line":104,"column":52},"end":{"line":107,"column":5}},"line":104},"11":{"name":"startBot","decl":{"start":{"line":237,"column":15},"end":{"line":237,"column":23}},"loc":{"start":{"line":237,"column":26},"end":{"line":324,"column":1}},"line":237},"12":{"name":"(anonymous_12)","decl":{"start":{"line":247,"column":20},"end":{"line":247,"column":21}},"loc":{"start":{"line":247,"column":35},"end":{"line":300,"column":3}},"line":247},"13":{"name":"(anonymous_13)","decl":{"start":{"line":302,"column":26},"end":{"line":302,"column":27}},"loc":{"start":{"line":302,"column":43},"end":{"line":316,"column":3}},"line":302},"14":{"name":"(anonymous_14)","decl":{"start":{"line":312,"column":17},"end":{"line":312,"column":18}},"loc":{"start":{"line":312,"column":23},"end":{"line":314,"column":7}},"line":312},"15":{"name":"(anonymous_15)","decl":{"start":{"line":313,"column":33},"end":{"line":313,"column":34}},"loc":{"start":{"line":313,"column":40},"end":{"line":313,"column":91}},"line":313},"16":{"name":"(anonymous_16)","decl":{"start":{"line":318,"column":26},"end":{"line":318,"column":27}},"loc":{"start":{"line":318,"column":37},"end":{"line":320,"column":3}},"line":318},"17":{"name":"handlePhoto","decl":{"start":{"line":326,"column":15},"end":{"line":326,"column":26}},"loc":{"start":{"line":326,"column":46},"end":{"line":343,"column":1}},"line":326},"18":{"name":"handleDocument","decl":{"start":{"line":345,"column":15},"end":{"line":345,"column":29}},"loc":{"start":{"line":345,"column":40},"end":{"line":373,"column":1}},"line":345},"19":{"name":"getBot","decl":{"start":{"line":375,"column":9},"end":{"line":375,"column":15}},"loc":{"start":{"line":375,"column":18},"end":{"line":377,"column":1}},"line":375}},"branchMap":{"0":{"loc":{"start":{"line":15,"column":2},"end":{"line":18,"column":3}},"type":"if","locations":[{"start":{"line":15,"column":2},"end":{"line":18,"column":3}},{"start":{},"end":{}}],"line":15},"1":{"loc":{"start":{"line":22,"column":4},"end":{"line":25,"column":5}},"type":"if","locations":[{"start":{"line":22,"column":4},"end":{"line":25,"column":5}},{"start":{},"end":{}}],"line":22},"2":{"loc":{"start":{"line":28,"column":4},"end":{"line":28,"column":86}},"type":"if","locations":[{"start":{"line":28,"column":4},"end":{"line":28,"column":86}},{"start":{},"end":{}}],"line":28},"3":{"loc":{"start":{"line":29,"column":4},"end":{"line":29,"column":85}},"type":"if","locations":[{"start":{"line":29,"column":4},"end":{"line":29,"column":85}},{"start":{},"end":{}}],"line":29},"4":{"loc":{"start":{"line":30,"column":4},"end":{"line":30,"column":57}},"type":"if","locations":[{"start":{"line":30,"column":4},"end":{"line":30,"column":57}},{"start":{},"end":{}}],"line":30},"5":{"loc":{"start":{"line":35,"column":4},"end":{"line":35,"column":52}},"type":"if","locations":[{"start":{"line":35,"column":4},"end":{"line":35,"column":52}},{"start":{},"end":{}}],"line":35},"6":{"loc":{"start":{"line":60,"column":2},"end":{"line":63,"column":3}},"type":"if","locations":[{"start":{"line":60,"column":2},"end":{"line":63,"column":3}},{"start":{},"end":{}}],"line":60},"7":{"loc":{"start":{"line":60,"column":6},"end":{"line":60,"column":72}},"type":"binary-expr","locations":[{"start":{"line":60,"column":6},"end":{"line":60,"column":18}},{"start":{"line":60,"column":22},"end":{"line":60,"column":43}},{"start":{"line":60,"column":47},"end":{"line":60,"column":72}}],"line":60},"8":{"loc":{"start":{"line":62,"column":11},"end":{"line":62,"column":26}},"type":"binary-expr","locations":[{"start":{"line":62,"column":11},"end":{"line":62,"column":14}},{"start":{"line":62,"column":18},"end":{"line":62,"column":26}}],"line":62},"9":{"loc":{"start":{"line":85,"column":4},"end":{"line":87,"column":5}},"type":"if","locations":[{"start":{"line":85,"column":4},"end":{"line":87,"column":5}},{"start":{},"end":{}}],"line":85},"10":{"loc":{"start":{"line":93,"column":4},"end":{"line":95,"column":5}},"type":"if","locations":[{"start":{"line":93,"column":4},"end":{"line":95,"column":5}},{"start":{},"end":{}}],"line":93},"11":{"loc":{"start":{"line":109,"column":4},"end":{"line":117,"column":5}},"type":"if","locations":[{"start":{"line":109,"column":4},"end":{"line":117,"column":5}},{"start":{},"end":{}}],"line":109},"12":{"loc":{"start":{"line":109,"column":8},"end":{"line":109,"column":61}},"type":"binary-expr","locations":[{"start":{"line":109,"column":8},"end":{"line":109,"column":16}},{"start":{"line":109,"column":20},"end":{"line":109,"column":61}}],"line":109},"13":{"loc":{"start":{"line":111,"column":6},"end":{"line":116,"column":7}},"type":"if","locations":[{"start":{"line":111,"column":6},"end":{"line":116,"column":7}},{"start":{},"end":{}}],"line":111},"14":{"loc":{"start":{"line":111,"column":10},"end":{"line":111,"column":38}},"type":"binary-expr","locations":[{"start":{"line":111,"column":10},"end":{"line":111,"column":14}},{"start":{"line":111,"column":18},"end":{"line":111,"column":38}}],"line":111},"15":{"loc":{"start":{"line":120,"column":4},"end":{"line":127,"column":5}},"type":"if","locations":[{"start":{"line":120,"column":4},"end":{"line":127,"column":5}},{"start":{},"end":{}}],"line":120},"16":{"loc":{"start":{"line":129,"column":22},"end":{"line":129,"column":52}},"type":"cond-expr","locations":[{"start":{"line":129,"column":35},"end":{"line":129,"column":40}},{"start":{"line":129,"column":43},"end":{"line":129,"column":52}}],"line":129},"17":{"loc":{"start":{"line":130,"column":26},"end":{"line":130,"column":112}},"type":"cond-expr","locations":[{"start":{"line":130,"column":82},"end":{"line":130,"column":100}},{"start":{"line":130,"column":103},"end":{"line":130,"column":112}}],"line":130},"18":{"loc":{"start":{"line":130,"column":26},"end":{"line":130,"column":79}},"type":"binary-expr","locations":[{"start":{"line":130,"column":26},"end":{"line":130,"column":34}},{"start":{"line":130,"column":38},"end":{"line":130,"column":79}}],"line":130},"19":{"loc":{"start":{"line":134,"column":6},"end":{"line":202,"column":7}},"type":"if","locations":[{"start":{"line":134,"column":6},"end":{"line":202,"column":7}},{"start":{"line":167,"column":13},"end":{"line":202,"column":7}}],"line":134},"20":{"loc":{"start":{"line":134,"column":10},"end":{"line":134,"column":35}},"type":"binary-expr","locations":[{"start":{"line":134,"column":10},"end":{"line":134,"column":18}},{"start":{"line":134,"column":22},"end":{"line":134,"column":35}}],"line":134},"21":{"loc":{"start":{"line":142,"column":26},"end":{"line":142,"column":64}},"type":"binary-expr","locations":[{"start":{"line":142,"column":26},"end":{"line":142,"column":58}},{"start":{"line":142,"column":62},"end":{"line":142,"column":64}}],"line":142},"22":{"loc":{"start":{"line":143,"column":10},"end":{"line":156,"column":11}},"type":"if","locations":[{"start":{"line":143,"column":10},"end":{"line":156,"column":11}},{"start":{},"end":{}}],"line":143},"23":{"loc":{"start":{"line":147,"column":12},"end":{"line":155,"column":13}},"type":"if","locations":[{"start":{"line":147,"column":12},"end":{"line":155,"column":13}},{"start":{},"end":{}}],"line":147},"24":{"loc":{"start":{"line":148,"column":14},"end":{"line":153,"column":15}},"type":"if","locations":[{"start":{"line":148,"column":14},"end":{"line":153,"column":15}},{"start":{"line":151,"column":21},"end":{"line":153,"column":15}}],"line":148},"25":{"loc":{"start":{"line":160,"column":8},"end":{"line":166,"column":9}},"type":"if","locations":[{"start":{"line":160,"column":8},"end":{"line":166,"column":9}},{"start":{},"end":{}}],"line":160},"26":{"loc":{"start":{"line":161,"column":10},"end":{"line":165,"column":11}},"type":"if","locations":[{"start":{"line":161,"column":10},"end":{"line":165,"column":11}},{"start":{"line":163,"column":17},"end":{"line":165,"column":11}}],"line":161},"27":{"loc":{"start":{"line":178,"column":26},"end":{"line":178,"column":64}},"type":"binary-expr","locations":[{"start":{"line":178,"column":26},"end":{"line":178,"column":58}},{"start":{"line":178,"column":62},"end":{"line":178,"column":64}}],"line":178},"28":{"loc":{"start":{"line":179,"column":10},"end":{"line":192,"column":11}},"type":"if","locations":[{"start":{"line":179,"column":10},"end":{"line":192,"column":11}},{"start":{},"end":{}}],"line":179},"29":{"loc":{"start":{"line":183,"column":12},"end":{"line":191,"column":13}},"type":"if","locations":[{"start":{"line":183,"column":12},"end":{"line":191,"column":13}},{"start":{},"end":{}}],"line":183},"30":{"loc":{"start":{"line":184,"column":14},"end":{"line":189,"column":15}},"type":"if","locations":[{"start":{"line":184,"column":14},"end":{"line":189,"column":15}},{"start":{"line":187,"column":21},"end":{"line":189,"column":15}}],"line":184},"31":{"loc":{"start":{"line":195,"column":8},"end":{"line":201,"column":9}},"type":"if","locations":[{"start":{"line":195,"column":8},"end":{"line":201,"column":9}},{"start":{},"end":{}}],"line":195},"32":{"loc":{"start":{"line":196,"column":10},"end":{"line":200,"column":11}},"type":"if","locations":[{"start":{"line":196,"column":10},"end":{"line":200,"column":11}},{"start":{"line":198,"column":17},"end":{"line":200,"column":11}}],"line":196},"33":{"loc":{"start":{"line":204,"column":6},"end":{"line":216,"column":7}},"type":"if","locations":[{"start":{"line":204,"column":6},"end":{"line":216,"column":7}},{"start":{"line":214,"column":13},"end":{"line":216,"column":7}}],"line":204},"34":{"loc":{"start":{"line":207,"column":8},"end":{"line":209,"column":9}},"type":"if","locations":[{"start":{"line":207,"column":8},"end":{"line":209,"column":9}},{"start":{},"end":{}}],"line":207},"35":{"loc":{"start":{"line":207,"column":12},"end":{"line":207,"column":40}},"type":"binary-expr","locations":[{"start":{"line":207,"column":12},"end":{"line":207,"column":16}},{"start":{"line":207,"column":20},"end":{"line":207,"column":40}}],"line":207},"36":{"loc":{"start":{"line":227,"column":4},"end":{"line":229,"column":5}},"type":"if","locations":[{"start":{"line":227,"column":4},"end":{"line":229,"column":5}},{"start":{},"end":{}}],"line":227},"37":{"loc":{"start":{"line":249,"column":17},"end":{"line":249,"column":40}},"type":"binary-expr","locations":[{"start":{"line":249,"column":17},"end":{"line":249,"column":25}},{"start":{"line":249,"column":29},"end":{"line":249,"column":40}}],"line":249},"38":{"loc":{"start":{"line":254,"column":4},"end":{"line":266,"column":5}},"type":"if","locations":[{"start":{"line":254,"column":4},"end":{"line":266,"column":5}},{"start":{},"end":{}}],"line":254},"39":{"loc":{"start":{"line":255,"column":6},"end":{"line":255,"column":42}},"type":"if","locations":[{"start":{"line":255,"column":6},"end":{"line":255,"column":42}},{"start":{},"end":{}}],"line":255},"40":{"loc":{"start":{"line":256,"column":6},"end":{"line":263,"column":7}},"type":"if","locations":[{"start":{"line":256,"column":6},"end":{"line":263,"column":7}},{"start":{},"end":{}}],"line":256},"41":{"loc":{"start":{"line":256,"column":10},"end":{"line":256,"column":38}},"type":"binary-expr","locations":[{"start":{"line":256,"column":10},"end":{"line":256,"column":14}},{"start":{"line":256,"column":18},"end":{"line":256,"column":38}}],"line":256},"42":{"loc":{"start":{"line":258,"column":8},"end":{"line":262,"column":9}},"type":"if","locations":[{"start":{"line":258,"column":8},"end":{"line":262,"column":9}},{"start":{},"end":{}}],"line":258},"43":{"loc":{"start":{"line":260,"column":10},"end":{"line":260,"column":65}},"type":"if","locations":[{"start":{"line":260,"column":10},"end":{"line":260,"column":65}},{"start":{},"end":{}}],"line":260},"44":{"loc":{"start":{"line":268,"column":4},"end":{"line":273,"column":5}},"type":"if","locations":[{"start":{"line":268,"column":4},"end":{"line":273,"column":5}},{"start":{},"end":{}}],"line":268},"45":{"loc":{"start":{"line":269,"column":6},"end":{"line":271,"column":7}},"type":"if","locations":[{"start":{"line":269,"column":6},"end":{"line":271,"column":7}},{"start":{},"end":{}}],"line":269},"46":{"loc":{"start":{"line":275,"column":4},"end":{"line":277,"column":5}},"type":"if","locations":[{"start":{"line":275,"column":4},"end":{"line":277,"column":5}},{"start":{},"end":{}}],"line":275},"47":{"loc":{"start":{"line":280,"column":4},"end":{"line":287,"column":5}},"type":"if","locations":[{"start":{"line":280,"column":4},"end":{"line":287,"column":5}},{"start":{},"end":{}}],"line":280},"48":{"loc":{"start":{"line":283,"column":6},"end":{"line":285,"column":7}},"type":"if","locations":[{"start":{"line":283,"column":6},"end":{"line":285,"column":7}},{"start":{},"end":{}}],"line":283},"49":{"loc":{"start":{"line":291,"column":24},"end":{"line":291,"column":81}},"type":"cond-expr","locations":[{"start":{"line":291,"column":37},"end":{"line":291,"column":74}},{"start":{"line":291,"column":77},"end":{"line":291,"column":81}}],"line":291},"50":{"loc":{"start":{"line":306,"column":4},"end":{"line":315,"column":5}},"type":"if","locations":[{"start":{"line":306,"column":4},"end":{"line":315,"column":5}},{"start":{},"end":{}}],"line":306},"51":{"loc":{"start":{"line":306,"column":8},"end":{"line":306,"column":71}},"type":"binary-expr","locations":[{"start":{"line":306,"column":8},"end":{"line":306,"column":31}},{"start":{"line":306,"column":35},"end":{"line":306,"column":71}}],"line":306},"52":{"loc":{"start":{"line":335,"column":17},"end":{"line":335,"column":161}},"type":"binary-expr","locations":[{"start":{"line":335,"column":17},"end":{"line":335,"column":24}},{"start":{"line":335,"column":28},"end":{"line":335,"column":161}}],"line":335},"53":{"loc":{"start":{"line":349,"column":2},"end":{"line":349,"column":38}},"type":"if","locations":[{"start":{"line":349,"column":2},"end":{"line":349,"column":38}},{"start":{},"end":{}}],"line":349},"54":{"loc":{"start":{"line":360,"column":4},"end":{"line":363,"column":5}},"type":"if","locations":[{"start":{"line":360,"column":4},"end":{"line":363,"column":5}},{"start":{},"end":{}}],"line":360}},"s":{"0":0,"1":0,"2":0,"3":0,"4":0,"5":0,"6":0,"7":0,"8":0,"9":0,"10":0,"11":0,"12":0,"13":0,"14":0,"15":0,"16":0,"17":0,"18":0,"19":0,"20":0,"21":0,"22":0,"23":0,"24":0,"25":0,"26":0,"27":0,"28":0,"29":0,"30":0,"31":0,"32":0,"33":0,"34":0,"35":0,"36":0,"37":0,"38":0,"39":0,"40":0,"41":0,"42":0,"43":0,"44":0,"45":0,"46":0,"47":0,"48":0,"49":0,"50":0,"51":0,"52":0,"53":0,"54":0,"55":0,"56":0,"57":0,"58":0,"59":0,"60":0,"61":0,"62":0,"63":0,"64":0,"65":0,"66":0,"67":0,"68":0,"69":0,"70":0,"71":0,"72":0,"73":0,"74":0,"75":0,"76":0,"77":0,"78":0,"79":0,"80":0,"81":0,"82":0,"83":0,"84":0,"85":0,"86":0,"87":0,"88":0,"89":0,"90":0,"91":0,"92":0,"93":0,"94":0,"95":0,"96":0,"97":0,"98":0,"99":0,"100":0,"101":0,"102":0,"103":0,"104":0,"105":0,"106":0,"107":0,"108":0,"109":0,"110":0,"111":0,"112":0,"113":0,"114":0,"115":0,"116":0,"117":0,"118":0,"119":0,"120":0,"121":0,"122":0,"123":0,"124":0,"125":0,"126":0,"127":0,"128":0,"129":0,"130":0,"131":0,"132":0,"133":0,"134":0,"135":0,"136":0,"137":0,"138":0,"139":0,"140":0,"141":0,"142":0,"143":0,"144":0,"145":0,"146":0,"147":0,"148":0,"149":0,"150":0,"151":0,"152":0,"153":0,"154":0,"155":0,"156":0,"157":0,"158":0,"159":0,"160":0,"161":0,"162":0,"163":0,"164":0,"165":0,"166":0,"167":0,"168":0,"169":0,"170":0,"171":0,"172":0,"173":0,"174":0,"175":0,"176":0,"177":0,"178":0,"179":0,"180":0,"181":0,"182":0,"183":0,"184":0,"185":0,"186":0,"187":0,"188":0,"189":0,"190":0,"191":0,"192":0,"193":0,"194":0,"195":0,"196":0,"197":0,"198":0,"199":0,"200":0,"201":0,"202":0,"203":0},"f":{"0":0,"1":0,"2":0,"3":0,"4":0,"5":0,"6":0,"7":0,"8":0,"9":0,"10":0,"11":0,"12":0,"13":0,"14":0,"15":0,"16":0,"17":0,"18":0,"19":0},"b":{"0":[0,0],"1":[0,0],"2":[0,0],"3":[0,0],"4":[0,0],"5":[0,0],"6":[0,0],"7":[0,0,0],"8":[0,0],"9":[0,0],"10":[0,0],"11":[0,0],"12":[0,0],"13":[0,0],"14":[0,0],"15":[0,0],"16":[0,0],"17":[0,0],"18":[0,0],"19":[0,0],"20":[0,0],"21":[0,0],"22":[0,0],"23":[0,0],"24":[0,0],"25":[0,0],"26":[0,0],"27":[0,0],"28":[0,0],"29":[0,0],"30":[0,0],"31":[0,0],"32":[0,0],"33":[0,0],"34":[0,0],"35":[0,0],"36":[0,0],"37":[0,0],"38":[0,0],"39":[0,0],"40":[0,0],"41":[0,0],"42":[0,0],"43":[0,0],"44":[0,0],"45":[0,0],"46":[0,0],"47":[0,0],"48":[0,0],"49":[0,0],"50":[0,0],"51":[0,0],"52":[0,0],"53":[0,0],"54":[0,0]}}
,"C:\\ai automation\\telegram-bot\\src\\commands\\admin.js": {"path":"C:\\ai automation\\telegram-bot\\src\\commands\\admin.js","statementMap":{"0":{"start":{"line":1,"column":15},"end":{"line":1,"column":35}},"1":{"start":{"line":2,"column":21},"end":{"line":2,"column":63}},"2":{"start":{"line":3,"column":17},"end":{"line":3,"column":55}},"3":{"start":{"line":4,"column":13},"end":{"line":4,"column":47}},"4":{"start":{"line":5,"column":17},"end":{"line":5,"column":55}},"5":{"start":{"line":8,"column":2},"end":{"line":8,"column":42}},"6":{"start":{"line":11,"column":21},"end":{"line":34,"column":1}},"7":{"start":{"line":12,"column":17},"end":{"line":12,"column":28}},"8":{"start":{"line":13,"column":17},"end":{"line":13,"column":36}},"9":{"start":{"line":15,"column":2},"end":{"line":15,"column":31}},"10":{"start":{"line":15,"column":24},"end":{"line":15,"column":31}},"11":{"start":{"line":17,"column":2},"end":{"line":33,"column":3}},"12":{"start":{"line":18,"column":80},"end":{"line":24,"column":6}},"13":{"start":{"line":26,"column":4},"end":{"line":29,"column":6}},"14":{"start":{"line":31,"column":4},"end":{"line":31,"column":47}},"15":{"start":{"line":32,"column":4},"end":{"line":32,"column":59}},"16":{"start":{"line":36,"column":25},"end":{"line":68,"column":1}},"17":{"start":{"line":37,"column":17},"end":{"line":37,"column":28}},"18":{"start":{"line":38,"column":17},"end":{"line":38,"column":36}},"19":{"start":{"line":40,"column":2},"end":{"line":40,"column":31}},"20":{"start":{"line":40,"column":24},"end":{"line":40,"column":31}},"21":{"start":{"line":42,"column":15},"end":{"line":42,"column":23}},"22":{"start":{"line":43,"column":18},"end":{"line":43,"column":61}},"23":{"start":{"line":45,"column":2},"end":{"line":48,"column":3}},"24":{"start":{"line":46,"column":4},"end":{"line":46,"column":64}},"25":{"start":{"line":47,"column":4},"end":{"line":47,"column":11}},"26":{"start":{"line":50,"column":2},"end":{"line":67,"column":3}},"27":{"start":{"line":51,"column":18},"end":{"line":51,"column":60}},"28":{"start":{"line":52,"column":15},"end":{"line":52,"column":16}},"29":{"start":{"line":54,"column":4},"end":{"line":61,"column":5}},"30":{"start":{"line":55,"column":6},"end":{"line":60,"column":7}},"31":{"start":{"line":56,"column":8},"end":{"line":56,"column":72}},"32":{"start":{"line":57,"column":8},"end":{"line":57,"column":15}},"33":{"start":{"line":63,"column":4},"end":{"line":63,"column":89}},"34":{"start":{"line":65,"column":4},"end":{"line":65,"column":46}},"35":{"start":{"line":66,"column":4},"end":{"line":66,"column":62}},"36":{"start":{"line":70,"column":17},"end":{"line":73,"column":1}},"37":{"start":{"line":76,"column":0},"end":{"line":76,"column":26}}},"fnMap":{"0":{"name":"isAdmin","decl":{"start":{"line":7,"column":9},"end":{"line":7,"column":16}},"loc":{"start":{"line":7,"column":25},"end":{"line":9,"column":1}},"line":7},"1":{"name":"(anonymous_1)","decl":{"start":{"line":11,"column":21},"end":{"line":11,"column":22}},"loc":{"start":{"line":11,"column":41},"end":{"line":34,"column":1}},"line":11},"2":{"name":"(anonymous_2)","decl":{"start":{"line":36,"column":25},"end":{"line":36,"column":26}},"loc":{"start":{"line":36,"column":45},"end":{"line":68,"column":1}},"line":36}},"branchMap":{"0":{"loc":{"start":{"line":15,"column":2},"end":{"line":15,"column":31}},"type":"if","locations":[{"start":{"line":15,"column":2},"end":{"line":15,"column":31}},{"start":{},"end":{}}],"line":15},"1":{"loc":{"start":{"line":40,"column":2},"end":{"line":40,"column":31}},"type":"if","locations":[{"start":{"line":40,"column":2},"end":{"line":40,"column":31}},{"start":{},"end":{}}],"line":40},"2":{"loc":{"start":{"line":45,"column":2},"end":{"line":48,"column":3}},"type":"if","locations":[{"start":{"line":45,"column":2},"end":{"line":48,"column":3}},{"start":{},"end":{}}],"line":45}},"s":{"0":0,"1":0,"2":0,"3":0,"4":0,"5":0,"6":0,"7":0,"8":0,"9":0,"10":0,"11":0,"12":0,"13":0,"14":0,"15":0,"16":0,"17":0,"18":0,"19":0,"20":0,"21":0,"22":0,"23":0,"24":0,"25":0,"26":0,"27":0,"28":0,"29":0,"30":0,"31":0,"32":0,"33":0,"34":0,"35":0,"36":0,"37":0},"f":{"0":0,"1":0,"2":0},"b":{"0":[0,0],"1":[0,0],"2":[0,0]}}
,"C:\\ai automation\\telegram-bot\\src\\commands\\diagnostics.js": {"path":"C:\\ai automation\\telegram-bot\\src\\commands\\diagnostics.js","statementMap":{"0":{"start":{"line":1,"column":15},"end":{"line":1,"column":35}},"1":{"start":{"line":2,"column":25},"end":{"line":2,"column":66}},"2":{"start":{"line":5,"column":17},"end":{"line":5,"column":28}},"3":{"start":{"line":6,"column":17},"end":{"line":6,"column":36}},"4":{"start":{"line":8,"column":2},"end":{"line":8,"column":48}},"5":{"start":{"line":8,"column":41},"end":{"line":8,"column":48}},"6":{"start":{"line":10,"column":2},"end":{"line":34,"column":3}},"7":{"start":{"line":11,"column":17},"end":{"line":11,"column":37}},"8":{"start":{"line":13,"column":17},"end":{"line":28,"column":16}},"9":{"start":{"line":27,"column":64},"end":{"line":27,"column":72}},"10":{"start":{"line":30,"column":4},"end":{"line":30,"column":40}},"11":{"start":{"line":32,"column":4},"end":{"line":32,"column":56}},"12":{"start":{"line":33,"column":4},"end":{"line":33,"column":67}},"13":{"start":{"line":37,"column":0},"end":{"line":37,"column":53}}},"fnMap":{"0":{"name":"handler","decl":{"start":{"line":4,"column":15},"end":{"line":4,"column":22}},"loc":{"start":{"line":4,"column":33},"end":{"line":35,"column":1}},"line":4},"1":{"name":"(anonymous_1)","decl":{"start":{"line":27,"column":59},"end":{"line":27,"column":60}},"loc":{"start":{"line":27,"column":64},"end":{"line":27,"column":72}},"line":27}},"branchMap":{"0":{"loc":{"start":{"line":8,"column":2},"end":{"line":8,"column":48}},"type":"if","locations":[{"start":{"line":8,"column":2},"end":{"line":8,"column":48}},{"start":{},"end":{}}],"line":8},"1":{"loc":{"start":{"line":27,"column":10},"end":{"line":27,"column":88}},"type":"cond-expr","locations":[{"start":{"line":27,"column":37},"end":{"line":27,"column":73}},{"start":{"line":27,"column":76},"end":{"line":27,"column":88}}],"line":27}},"s":{"0":0,"1":0,"2":0,"3":0,"4":0,"5":0,"6":0,"7":0,"8":0,"9":0,"10":0,"11":0,"12":0,"13":0},"f":{"0":0,"1":0},"b":{"0":[0,0],"1":[0,0]}}
,"C:\\ai automation\\telegram-bot\\src\\commands\\help.js": {"path":"C:\\ai automation\\telegram-bot\\src\\commands\\help.js","statementMap":{"0":{"start":{"line":2,"column":17},"end":{"line":2,"column":28}},"1":{"start":{"line":4,"column":2},"end":{"line":43,"column":4}},"2":{"start":{"line":46,"column":0},"end":{"line":46,"column":46}}},"fnMap":{"0":{"name":"handler","decl":{"start":{"line":1,"column":15},"end":{"line":1,"column":22}},"loc":{"start":{"line":1,"column":33},"end":{"line":44,"column":1}},"line":1}},"branchMap":{},"s":{"0":0,"1":0,"2":0},"f":{"0":0},"b":{}}
,"C:\\ai automation\\telegram-bot\\src\\commands\\index.js": {"path":"C:\\ai automation\\telegram-bot\\src\\commands\\index.js","statementMap":{"0":{"start":{"line":1,"column":14},"end":{"line":1,"column":32}},"1":{"start":{"line":2,"column":13},"end":{"line":2,"column":30}},"2":{"start":{"line":3,"column":14},"end":{"line":3,"column":32}},"3":{"start":{"line":4,"column":17},"end":{"line":4,"column":38}},"4":{"start":{"line":5,"column":16},"end":{"line":5,"column":36}},"5":{"start":{"line":6,"column":16},"end":{"line":6,"column":36}},"6":{"start":{"line":7,"column":13},"end":{"line":7,"column":30}},"7":{"start":{"line":8,"column":22},"end":{"line":8,"column":40}},"8":{"start":{"line":9,"column":14},"end":{"line":9,"column":32}},"9":{"start":{"line":10,"column":18},"end":{"line":10,"column":40}},"10":{"start":{"line":11,"column":20},"end":{"line":11,"column":44}},"11":{"start":{"line":13,"column":17},"end":{"line":26,"column":1}},"12":{"start":{"line":28,"column":0},"end":{"line":28,"column":26}}},"fnMap":{},"branchMap":{},"s":{"0":0,"1":0,"2":0,"3":0,"4":0,"5":0,"6":0,"7":0,"8":0,"9":0,"10":0,"11":0,"12":0},"f":{},"b":{}}
,"C:\\ai automation\\telegram-bot\\src\\commands\\reset.js": {"path":"C:\\ai automation\\telegram-bot\\src\\commands\\reset.js","statementMap":{"0":{"start":{"line":2,"column":17},"end":{"line":2,"column":28}},"1":{"start":{"line":3,"column":17},"end":{"line":3,"column":36}},"2":{"start":{"line":5,"column":2},"end":{"line":17,"column":3}},"3":{"start":{"line":6,"column":4},"end":{"line":9,"column":6}},"4":{"start":{"line":10,"column":4},"end":{"line":13,"column":6}},"5":{"start":{"line":15,"column":4},"end":{"line":15,"column":58}},"6":{"start":{"line":16,"column":4},"end":{"line":16,"column":93}},"7":{"start":{"line":20,"column":0},"end":{"line":20,"column":47}}},"fnMap":{"0":{"name":"handler","decl":{"start":{"line":1,"column":15},"end":{"line":1,"column":22}},"loc":{"start":{"line":1,"column":47},"end":{"line":18,"column":1}},"line":1}},"branchMap":{},"s":{"0":0,"1":0,"2":0,"3":0,"4":0,"5":0,"6":0,"7":0},"f":{"0":0},"b":{}}
,"C:\\ai automation\\telegram-bot\\src\\commands\\setName.js": {"path":"C:\\ai automation\\telegram-bot\\src\\commands\\setName.js","statementMap":{"0":{"start":{"line":1,"column":21},"end":{"line":1,"column":63}},"1":{"start":{"line":4,"column":17},"end":{"line":4,"column":28}},"2":{"start":{"line":5,"column":17},"end":{"line":5,"column":36}},"3":{"start":{"line":6,"column":15},"end":{"line":6,"column":45}},"4":{"start":{"line":7,"column":15},"end":{"line":7,"column":36}},"5":{"start":{"line":9,"column":2},"end":{"line":12,"column":3}},"6":{"start":{"line":10,"column":4},"end":{"line":10,"column":97}},"7":{"start":{"line":11,"column":4},"end":{"line":11,"column":11}},"8":{"start":{"line":14,"column":2},"end":{"line":18,"column":4}},"9":{"start":{"line":20,"column":2},"end":{"line":20,"column":78}},"10":{"start":{"line":23,"column":0},"end":{"line":23,"column":50}}},"fnMap":{"0":{"name":"handler","decl":{"start":{"line":3,"column":15},"end":{"line":3,"column":22}},"loc":{"start":{"line":3,"column":33},"end":{"line":21,"column":1}},"line":3}},"branchMap":{"0":{"loc":{"start":{"line":9,"column":2},"end":{"line":12,"column":3}},"type":"if","locations":[{"start":{"line":9,"column":2},"end":{"line":12,"column":3}},{"start":{},"end":{}}],"line":9}},"s":{"0":0,"1":0,"2":0,"3":0,"4":0,"5":0,"6":0,"7":0,"8":0,"9":0,"10":0},"f":{"0":0},"b":{"0":[0,0]}}
,"C:\\ai automation\\telegram-bot\\src\\commands\\setTone.js": {"path":"C:\\ai automation\\telegram-bot\\src\\commands\\setTone.js","statementMap":{"0":{"start":{"line":1,"column":21},"end":{"line":1,"column":63}},"1":{"start":{"line":3,"column":20},"end":{"line":3,"column":69}},"2":{"start":{"line":6,"column":17},"end":{"line":6,"column":28}},"3":{"start":{"line":7,"column":17},"end":{"line":7,"column":36}},"4":{"start":{"line":8,"column":15},"end":{"line":8,"column":45}},"5":{"start":{"line":9,"column":15},"end":{"line":9,"column":44}},"6":{"start":{"line":11,"column":2},"end":{"line":17,"column":3}},"7":{"start":{"line":12,"column":4},"end":{"line":15,"column":6}},"8":{"start":{"line":16,"column":4},"end":{"line":16,"column":11}},"9":{"start":{"line":19,"column":2},"end":{"line":27,"column":3}},"10":{"start":{"line":20,"column":4},"end":{"line":24,"column":6}},"11":{"start":{"line":25,"column":4},"end":{"line":25,"column":60}},"12":{"start":{"line":26,"column":4},"end":{"line":26,"column":11}},"13":{"start":{"line":29,"column":2},"end":{"line":33,"column":4}},"14":{"start":{"line":35,"column":2},"end":{"line":35,"column":58}},"15":{"start":{"line":38,"column":0},"end":{"line":38,"column":50}}},"fnMap":{"0":{"name":"handler","decl":{"start":{"line":5,"column":15},"end":{"line":5,"column":22}},"loc":{"start":{"line":5,"column":33},"end":{"line":36,"column":1}},"line":5}},"branchMap":{"0":{"loc":{"start":{"line":9,"column":16},"end":{"line":9,"column":29}},"type":"binary-expr","locations":[{"start":{"line":9,"column":16},"end":{"line":9,"column":23}},{"start":{"line":9,"column":27},"end":{"line":9,"column":29}}],"line":9},"1":{"loc":{"start":{"line":11,"column":2},"end":{"line":17,"column":3}},"type":"if","locations":[{"start":{"line":11,"column":2},"end":{"line":17,"column":3}},{"start":{},"end":{}}],"line":11},"2":{"loc":{"start":{"line":11,"column":6},"end":{"line":11,"column":42}},"type":"binary-expr","locations":[{"start":{"line":11,"column":6},"end":{"line":11,"column":11}},{"start":{"line":11,"column":15},"end":{"line":11,"column":42}}],"line":11},"3":{"loc":{"start":{"line":19,"column":2},"end":{"line":27,"column":3}},"type":"if","locations":[{"start":{"line":19,"column":2},"end":{"line":27,"column":3}},{"start":{},"end":{}}],"line":19}},"s":{"0":0,"1":0,"2":0,"3":0,"4":0,"5":0,"6":0,"7":0,"8":0,"9":0,"10":0,"11":0,"12":0,"13":0,"14":0,"15":0},"f":{"0":0},"b":{"0":[0,0],"1":[0,0],"2":[0,0],"3":[0,0]}}
,"C:\\ai automation\\telegram-bot\\src\\commands\\start.js": {"path":"C:\\ai automation\\telegram-bot\\src\\commands\\start.js","statementMap":{"0":{"start":{"line":2,"column":17},"end":{"line":2,"column":28}},"1":{"start":{"line":3,"column":20},"end":{"line":3,"column":50}},"2":{"start":{"line":5,"column":2},"end":{"line":21,"column":4}},"3":{"start":{"line":24,"column":0},"end":{"line":24,"column":47}}},"fnMap":{"0":{"name":"handler","decl":{"start":{"line":1,"column":15},"end":{"line":1,"column":22}},"loc":{"start":{"line":1,"column":33},"end":{"line":22,"column":1}},"line":1}},"branchMap":{"0":{"loc":{"start":{"line":3,"column":20},"end":{"line":3,"column":50}},"type":"binary-expr","locations":[{"start":{"line":3,"column":20},"end":{"line":3,"column":39}},{"start":{"line":3,"column":43},"end":{"line":3,"column":50}}],"line":3}},"s":{"0":0,"1":0,"2":0,"3":0},"f":{"0":0},"b":{"0":[0,0]}}
,"C:\\ai automation\\telegram-bot\\src\\commands\\study.js": {"path":"C:\\ai automation\\telegram-bot\\src\\commands\\study.js","statementMap":{"0":{"start":{"line":2,"column":17},"end":{"line":2,"column":28}},"1":{"start":{"line":3,"column":17},"end":{"line":3,"column":36}},"2":{"start":{"line":5,"column":23},"end":{"line":5,"column":61}},"3":{"start":{"line":6,"column":2},"end":{"line":9,"column":3}},"4":{"start":{"line":7,"column":4},"end":{"line":7,"column":90}},"5":{"start":{"line":8,"column":4},"end":{"line":8,"column":11}},"6":{"start":{"line":11,"column":18},"end":{"line":11,"column":68}},"7":{"start":{"line":12,"column":2},"end":{"line":15,"column":4}},"8":{"start":{"line":17,"column":2},"end":{"line":21,"column":3}},"9":{"start":{"line":18,"column":4},"end":{"line":18,"column":94}},"10":{"start":{"line":20,"column":4},"end":{"line":20,"column":140}},"11":{"start":{"line":24,"column":0},"end":{"line":24,"column":47}}},"fnMap":{"0":{"name":"handler","decl":{"start":{"line":1,"column":15},"end":{"line":1,"column":22}},"loc":{"start":{"line":1,"column":47},"end":{"line":22,"column":1}},"line":1}},"branchMap":{"0":{"loc":{"start":{"line":6,"column":2},"end":{"line":9,"column":3}},"type":"if","locations":[{"start":{"line":6,"column":2},"end":{"line":9,"column":3}},{"start":{},"end":{}}],"line":6},"1":{"loc":{"start":{"line":17,"column":2},"end":{"line":21,"column":3}},"type":"if","locations":[{"start":{"line":17,"column":2},"end":{"line":21,"column":3}},{"start":{"line":19,"column":9},"end":{"line":21,"column":3}}],"line":17}},"s":{"0":0,"1":0,"2":0,"3":0,"4":0,"5":0,"6":0,"7":0,"8":0,"9":0,"10":0,"11":0},"f":{"0":0},"b":{"0":[0,0],"1":[0,0]}}
,"C:\\ai automation\\telegram-bot\\src\\commands\\timetable.js": {"path":"C:\\ai automation\\telegram-bot\\src\\commands\\timetable.js","statementMap":{"0":{"start":{"line":1,"column":30},"end":{"line":1,"column":59}},"1":{"start":{"line":3,"column":22},"end":{"line":3,"column":49}},"2":{"start":{"line":6,"column":17},"end":{"line":6,"column":28}},"3":{"start":{"line":7,"column":17},"end":{"line":7,"column":36}},"4":{"start":{"line":8,"column":15},"end":{"line":8,"column":30}},"5":{"start":{"line":9,"column":15},"end":{"line":9,"column":66}},"6":{"start":{"line":10,"column":16},"end":{"line":10,"column":33}},"7":{"start":{"line":12,"column":2},"end":{"line":15,"column":3}},"8":{"start":{"line":13,"column":4},"end":{"line":13,"column":74}},"9":{"start":{"line":14,"column":4},"end":{"line":14,"column":11}},"10":{"start":{"line":17,"column":2},"end":{"line":24,"column":3}},"11":{"start":{"line":18,"column":4},"end":{"line":18,"column":56}},"12":{"start":{"line":19,"column":19},"end":{"line":19,"column":65}},"13":{"start":{"line":20,"column":4},"end":{"line":20,"column":42}},"14":{"start":{"line":22,"column":4},"end":{"line":22,"column":56}},"15":{"start":{"line":23,"column":4},"end":{"line":23,"column":80}},"16":{"start":{"line":27,"column":0},"end":{"line":27,"column":51}}},"fnMap":{"0":{"name":"handler","decl":{"start":{"line":5,"column":15},"end":{"line":5,"column":22}},"loc":{"start":{"line":5,"column":47},"end":{"line":25,"column":1}},"line":5}},"branchMap":{"0":{"loc":{"start":{"line":10,"column":16},"end":{"line":10,"column":33}},"type":"binary-expr","locations":[{"start":{"line":10,"column":16},"end":{"line":10,"column":23}},{"start":{"line":10,"column":27},"end":{"line":10,"column":33}}],"line":10},"1":{"loc":{"start":{"line":12,"column":2},"end":{"line":15,"column":3}},"type":"if","locations":[{"start":{"line":12,"column":2},"end":{"line":15,"column":3}},{"start":{},"end":{}}],"line":12}},"s":{"0":0,"1":0,"2":0,"3":0,"4":0,"5":0,"6":0,"7":0,"8":0,"9":0,"10":0,"11":0,"12":0,"13":0,"14":0,"15":0,"16":0},"f":{"0":0},"b":{"0":[0,0],"1":[0,0]}}
,"C:\\ai automation\\telegram-bot\\src\\commands\\timezone.js": {"path":"C:\\ai automation\\telegram-bot\\src\\commands\\timezone.js","statementMap":{"0":{"start":{"line":1,"column":18},"end":{"line":17,"column":1}},"1":{"start":{"line":20,"column":17},"end":{"line":20,"column":28}},"2":{"start":{"line":21,"column":17},"end":{"line":21,"column":36}},"3":{"start":{"line":22,"column":15},"end":{"line":22,"column":45}},"4":{"start":{"line":23,"column":13},"end":{"line":23,"column":20}},"5":{"start":{"line":25,"column":2},"end":{"line":33,"column":3}},"6":{"start":{"line":26,"column":18},"end":{"line":26,"column":56}},"7":{"start":{"line":27,"column":20},"end":{"line":27,"column":97}},"8":{"start":{"line":28,"column":4},"end":{"line":31,"column":6}},"9":{"start":{"line":32,"column":4},"end":{"line":32,"column":11}},"10":{"start":{"line":35,"column":2},"end":{"line":40,"column":3}},"11":{"start":{"line":36,"column":4},"end":{"line":36,"column":53}},"12":{"start":{"line":38,"column":4},"end":{"line":38,"column":125}},"13":{"start":{"line":39,"column":4},"end":{"line":39,"column":11}},"14":{"start":{"line":42,"column":2},"end":{"line":46,"column":4}},"15":{"start":{"line":48,"column":14},"end":{"line":48,"column":24}},"16":{"start":{"line":49,"column":20},"end":{"line":49,"column":116}},"17":{"start":{"line":51,"column":2},"end":{"line":51,"column":91}},"18":{"start":{"line":54,"column":0},"end":{"line":54,"column":50}}},"fnMap":{"0":{"name":"handler","decl":{"start":{"line":19,"column":15},"end":{"line":19,"column":22}},"loc":{"start":{"line":19,"column":47},"end":{"line":52,"column":1}},"line":19}},"branchMap":{"0":{"loc":{"start":{"line":25,"column":2},"end":{"line":33,"column":3}},"type":"if","locations":[{"start":{"line":25,"column":2},"end":{"line":33,"column":3}},{"start":{},"end":{}}],"line":25},"1":{"loc":{"start":{"line":27,"column":20},"end":{"line":27,"column":97}},"type":"binary-expr","locations":[{"start":{"line":27,"column":21},"end":{"line":27,"column":26}},{"start":{"line":27,"column":30},"end":{"line":27,"column":44}},{"start":{"line":27,"column":48},"end":{"line":27,"column":78}},{"start":{"line":27,"column":83},"end":{"line":27,"column":97}}],"line":27}},"s":{"0":0,"1":0,"2":0,"3":0,"4":0,"5":0,"6":0,"7":0,"8":0,"9":0,"10":0,"11":0,"12":0,"13":0,"14":0,"15":0,"16":0,"17":0,"18":0},"f":{"0":0},"b":{"0":[0,0],"1":[0,0,0,0]}}
[...]
end":{"line":45,"column":38}},"line":45},"4":{"name":"(anonymous_4)","decl":{"start":{"line":47,"column":22},"end":{"line":47,"column":23}},"loc":{"start":{"line":47,"column":35},"end":{"line":62,"column":5}},"line":47},"5":{"name":"(anonymous_5)","decl":{"start":{"line":74,"column":2},"end":{"line":74,"column":3}},"loc":{"start":{"line":74,"column":25},"end":{"line":97,"column":3}},"line":74},"6":{"name":"(anonymous_6)","decl":{"start":{"line":99,"column":2},"end":{"line":99,"column":3}},"loc":{"start":{"line":99,"column":35},"end":{"line":174,"column":3}},"line":99},"7":{"name":"(anonymous_7)","decl":{"start":{"line":117,"column":17},"end":{"line":117,"column":18}},"loc":{"start":{"line":117,"column":27},"end":{"line":120,"column":5}},"line":117},"8":{"name":"(anonymous_8)","decl":{"start":{"line":125,"column":21},"end":{"line":125,"column":22}},"loc":{"start":{"line":125,"column":32},"end":{"line":131,"column":5}},"line":125},"9":{"name":"(anonymous_9)","decl":{"start":{"line":133,"column":18},"end":{"line":133,"column":19}},"loc":{"start":{"line":133,"column":29},"end":{"line":170,"column":5}},"line":133},"10":{"name":"(anonymous_10)","decl":{"start":{"line":146,"column":19},"end":{"line":146,"column":20}},"loc":{"start":{"line":146,"column":30},"end":{"line":169,"column":7}},"line":146},"11":{"name":"(anonymous_11)","decl":{"start":{"line":157,"column":39},"end":{"line":157,"column":40}},"loc":{"start":{"line":157,"column":44},"end":{"line":161,"column":9}},"line":157},"12":{"name":"(anonymous_12)","decl":{"start":{"line":163,"column":25},"end":{"line":163,"column":26}},"loc":{"start":{"line":163,"column":31},"end":{"line":168,"column":9}},"line":163},"13":{"name":"(anonymous_13)","decl":{"start":{"line":176,"column":2},"end":{"line":176,"column":3}},"loc":{"start":{"line":176,"column":34},"end":{"line":226,"column":3}},"line":176},"14":{"name":"(anonymous_14)","decl":{"start":{"line":185,"column":38},"end":{"line":185,"column":39}},"loc":{"start":{"line":185,"column":43},"end":{"line":185,"column":99}},"line":185},"15":{"name":"(anonymous_15)","decl":{"start":{"line":193,"column":18},"end":{"line":193,"column":19}},"loc":{"start":{"line":193,"column":29},"end":{"line":219,"column":5}},"line":193},"16":{"name":"(anonymous_16)","decl":{"start":{"line":208,"column":42},"end":{"line":208,"column":43}},"loc":{"start":{"line":208,"column":47},"end":{"line":211,"column":7}},"line":208},"17":{"name":"(anonymous_17)","decl":{"start":{"line":213,"column":23},"end":{"line":213,"column":24}},"loc":{"start":{"line":213,"column":29},"end":{"line":218,"column":7}},"line":213},"18":{"name":"(anonymous_18)","decl":{"start":{"line":228,"column":2},"end":{"line":228,"column":3}},"loc":{"start":{"line":228,"column":36},"end":{"line":286,"column":3}},"line":228},"19":{"name":"(anonymous_19)","decl":{"start":{"line":244,"column":21},"end":{"line":244,"column":22}},"loc":{"start":{"line":244,"column":31},"end":{"line":246,"column":5}},"line":244},"20":{"name":"(anonymous_20)","decl":{"start":{"line":265,"column":40},"end":{"line":265,"column":41}},"loc":{"start":{"line":265,"column":45},"end":{"line":265,"column":98}},"line":265},"21":{"name":"(anonymous_21)","decl":{"start":{"line":266,"column":38},"end":{"line":266,"column":39}},"loc":{"start":{"line":266,"column":44},"end":{"line":270,"column":9}},"line":266}},"branchMap":{"0":{"loc":{"start":{"line":33,"column":17},"end":{"line":33,"column":61}},"type":"cond-expr","locations":[{"start":{"line":33,"column":29},"end":{"line":33,"column":48}},{"start":{"line":33,"column":51},"end":{"line":33,"column":61}}],"line":33},"1":{"loc":{"start":{"line":53,"column":6},"end":{"line":59,"column":7}},"type":"if","locations":[{"start":{"line":53,"column":6},"end":{"line":59,"column":7}},{"start":{"line":55,"column":13},"end":{"line":59,"column":7}}],"line":53},"2":{"loc":{"start":{"line":55,"column":13},"end":{"line":59,"column":7}},"type":"if","locations":[{"start":{"line":55,"column":13},"end":{"line":59,"column":7}},{"start":{"line":57,"column":13},"end":{"line":59,"column":7}}],"line":55},"3":{"loc":{"start":{"line":76,"column":4},"end":{"line":81,"column":5}},"type":"if","locations":[{"start":{"line":76,"column":4},"end":{"line":81,"column":5}},{"start":{},"end":{}}],"line":76},"4":{"loc":{"start":{"line":82,"column":4},"end":{"line":87,"column":5}},"type":"if","locations":[{"start":{"line":82,"column":4},"end":{"line":87,"column":5}},{"start":{},"end":{}}],"line":82},"5":{"loc":{"start":{"line":126,"column":6},"end":{"line":129,"column":7}},"type":"if","locations":[{"start":{"line":126,"column":6},"end":{"line":129,"column":7}},{"start":{},"end":{}}],"line":126},"6":{"loc":{"start":{"line":135,"column":19},"end":{"line":135,"column":72}},"type":"cond-expr","locations":[{"start":{"line":135,"column":28},"end":{"line":135,"column":36}},{"start":{"line":135,"column":39},"end":{"line":135,"column":72}}],"line":135},"7":{"loc":{"start":{"line":135,"column":39},"end":{"line":135,"column":72}},"type":"cond-expr","locations":[{"start":{"line":135,"column":50},"end":{"line":135,"column":56}},{"start":{"line":135,"column":59},"end":{"line":135,"column":72}}],"line":135},"8":{"loc":{"start":{"line":148,"column":8},"end":{"line":150,"column":9}},"type":"if","locations":[{"start":{"line":148,"column":8},"end":{"line":150,"column":9}},{"start":{},"end":{}}],"line":148},"9":{"loc":{"start":{"line":159,"column":17},"end":{"line":160,"column":50}},"type":"binary-expr","locations":[{"start":{"line":159,"column":17},"end":{"line":159,"column":32}},{"start":{"line":159,"column":36},"end":{"line":159,"column":48}},{"start":{"line":160,"column":12},"end":{"line":160,"column":50}}],"line":159},"10":{"loc":{"start":{"line":195,"column":19},"end":{"line":195,"column":72}},"type":"cond-expr","locations":[{"start":{"line":195,"column":28},"end":{"line":195,"column":36}},{"start":{"line":195,"column":39},"end":{"line":195,"column":72}}],"line":195},"11":{"loc":{"start":{"line":195,"column":39},"end":{"line":195,"column":72}},"type":"cond-expr","locations":[{"start":{"line":195,"column":50},"end":{"line":195,"column":56}},{"start":{"line":195,"column":59},"end":{"line":195,"column":72}}],"line":195},"12":{"loc":{"start":{"line":210,"column":15},"end":{"line":210,"column":46}},"type":"binary-expr","locations":[{"start":{"line":210,"column":15},"end":{"line":210,"column":30}},{"start":{"line":210,"column":34},"end":{"line":210,"column":46}}],"line":210},"13":{"loc":{"start":{"line":221,"column":4},"end":{"line":225,"column":5}},"type":"if","locations":[{"start":{"line":221,"column":4},"end":{"line":225,"column":5}},{"start":{},"end":{}}],"line":221},"14":{"loc":{"start":{"line":252,"column":22},"end":{"line":252,"column":38}},"type":"binary-expr","locations":[{"start":{"line":252,"column":22},"end":{"line":252,"column":29}},{"start":{"line":252,"column":33},"end":{"line":252,"column":38}}],"line":252},"15":{"loc":{"start":{"line":257,"column":8},"end":{"line":257,"column":50}},"type":"if","locations":[{"start":{"line":257,"column":8},"end":{"line":257,"column":50}},{"start":{},"end":{}}],"line":257},"16":{"loc":{"start":{"line":257,"column":12},"end":{"line":257,"column":39}},"type":"binary-expr","locations":[{"start":{"line":257,"column":12},"end":{"line":257,"column":21}},{"start":{"line":257,"column":25},"end":{"line":257,"column":39}}],"line":257},"17":{"loc":{"start":{"line":258,"column":8},"end":{"line":258,"column":57}},"type":"if","locations":[{"start":{"line":258,"column":8},"end":{"line":258,"column":57}},{"start":{},"end":{}}],"line":258},"18":{"loc":{"start":{"line":268,"column":19},"end":{"line":268,"column":81}},"type":"cond-expr","locations":[{"start":{"line":268,"column":42},"end":{"line":268,"column":70}},{"start":{"line":268,"column":73},"end":{"line":268,"column":81}}],"line":268},"19":{"loc":{"start":{"line":271,"column":8},"end":{"line":274,"column":9}},"type":"if","locations":[{"start":{"line":271,"column":8},"end":{"line":274,"column":9}},{"start":{},"end":{}}],"line":271}},"s":{"0":0,"1":0,"2":0,"3":0,"4":0,"5":0,"6":0,"7":0,"8":0,"9":0,"10":0,"11":0,"12":0,"13":0,"14":0,"15":0,"16":0,"17":0,"18":0,"19":0,"20":0,"21":0,"22":0,"23":0,"24":0,"25":0,"26":0,"27":0,"28":0,"29":0,"30":0,"31":0,"32":0,"33":0,"34":0,"35":0,"36":0,"37":0,"38":0,"39":0,"40":0,"41":0,"42":0,"43":0,"44":0,"45":0,"46":0,"47":0,"48":0,"49":0,"50":0,"51":0,"52":0,"53":0,"54":0,"55":0,"56":0,"57":0,"58":0,"59":0,"60":0,"61":0,"62":0,"63":0,"64":0,"65":0,"66":0,"67":0,"68":0,"69":0,"70":0,"71":0,"72":0,"73":0,"74":0,"75":0,"76":0,"77":0,"78":0,"79":0,"80":0,"81":0,"82":0,"83":0,"84":0,"85":0,"86":0,"87":0,"88":0,"89":0,"90":0,"91":0,"92":0,"93":0,"94":0,"95":0,"96":0,"97":0,"98":0,"99":0,"100":0,"101":0,"102":0,"103":0,"104":0,"105":0,"106":0,"107":0,"108":0,"109":0,"110":0,"111":0,"112":0,"113":0,"114":0,"115":0,"116":0,"117":0,"118":0,"119":0,"120":0,"121":0,"122":0,"123":0,"124":0,"125":0,"126":0,"127":0,"128":0,"129":0,"130":0,"131":0,"132":0,"133":0,"134":0,"135":0,"136":0,"137":0,"138":0,"139":0,"140":0,"141":0,"142":0,"143":0,"144":0,"145":0,"146":0,"147":0,"148":0,"149":0,"150":0,"151":0,"152":0,"153":0,"154":0,"155":0,"156":0,"157":0,"158":0,"159":0,"160":0,"161":0,"162":0,"163":0,"164":0,"165":0,"166":0,"167":0,"168":0,"169":0,"170":0,"171":0,"172":0,"173":0,"174":0,"175":0,"176":0,"177":0,"178":0,"179":0,"180":0,"181":0,"182":0,"183":0,"184":0,"185":0,"186":0,"187":0},"f":{"0":0,"1":0,"2":0,"3":0,"4":0,"5":0,"6":0,"7":0,"8":0,"9":0,"10":0,"11":0,"12":0,"13":0,"14":0,"15":0,"16":0,"17":0,"18":0,"19":0,"20":0,"21":0},"b":{"0":[0,0],"1":[0,0],"2":[0,0],"3":[0,0],"4":[0,0],"5":[0,0],"6":[0,0],"7":[0,0],"8":[0,0],"9":[0,0,0],"10":[0,0],"11":[0,0],"12":[0,0],"13":[0,0],"14":[0,0],"15":[0,0],"16":[0,0],"17":[0,0],"18":[0,0],"19":[0,0]}}
,"C:\\ai automation\\telegram-bot\\src\\tools\\weather.js": {"path":"C:\\ai automation\\telegram-bot\\src\\tools\\weather.js","statementMap":{"0":{"start":{"line":1,"column":17},"end":{"line":1,"column":34}},"1":{"start":{"line":3,"column":16},"end":{"line":3,"column":64}},"2":{"start":{"line":4,"column":20},"end":{"line":4,"column":60}},"3":{"start":{"line":8,"column":4},"end":{"line":11,"column":6}},"4":{"start":{"line":15,"column":4},"end":{"line":24,"column":6}},"5":{"start":{"line":28,"column":16},"end":{"line":28,"column":41}},"6":{"start":{"line":29,"column":4},"end":{"line":31,"column":5}},"7":{"start":{"line":30,"column":6},"end":{"line":30,"column":57}},"8":{"start":{"line":33,"column":19},"end":{"line":40,"column":6}},"9":{"start":{"line":42,"column":16},"end":{"line":42,"column":55}},"10":{"start":{"line":43,"column":4},"end":{"line":43,"column":71}},"11":{"start":{"line":43,"column":17},"end":{"line":43,"column":71}},"12":{"start":{"line":45,"column":17},"end":{"line":45,"column":33}},"13":{"start":{"line":46,"column":15},"end":{"line":46,"column":35}},"14":{"start":{"line":47,"column":18},"end":{"line":47,"column":28}},"15":{"start":{"line":49,"column":18},"end":{"line":54,"column":5}},"16":{"start":{"line":56,"column":4},"end":{"line":59,"column":5}},"17":{"start":{"line":56,"column":17},"end":{"line":56,"column":18}},"18":{"start":{"line":57,"column":19},"end":{"line":57,"column":124}},"19":{"start":{"line":58,"column":6},"end":{"line":58,"column":139}},"20":{"start":{"line":61,"column":4},"end":{"line":61,"column":28}},"21":{"start":{"line":65,"column":19},"end":{"line":70,"column":6}},"22":{"start":{"line":72,"column":16},"end":{"line":72,"column":51}},"23":{"start":{"line":73,"column":4},"end":{"line":73,"column":29}},"24":{"start":{"line":73,"column":17},"end":{"line":73,"column":29}},"25":{"start":{"line":75,"column":17},"end":{"line":75,"column":33}},"26":{"start":{"line":76,"column":4},"end":{"line":76,"column":64}},"27":{"start":{"line":76,"column":52},"end":{"line":76,"column":64}},"28":{"start":{"line":78,"column":4},"end":{"line":78,"column":27}},"29":{"start":{"line":82,"column":16},"end":{"line":104,"column":5}},"30":{"start":{"line":105,"column":4},"end":{"line":105,"column":34}},"31":{"start":{"line":109,"column":0},"end":{"line":109,"column":29}}},"fnMap":{"0":{"name":"(anonymous_0)","decl":{"start":{"line":7,"column":2},"end":{"line":7,"column":3}},"loc":{"start":{"line":7,"column":16},"end":{"line":12,"column":3}},"line":7},"1":{"name":"(anonymous_1)","decl":{"start":{"line":14,"column":2},"end":{"line":14,"column":3}},"loc":{"start":{"line":14,"column":24},"end":{"line":25,"column":3}},"line":14},"2":{"name":"(anonymous_2)","decl":{"start":{"line":27,"column":2},"end":{"line":27,"column":3}},"loc":{"start":{"line":27,"column":26},"end":{"line":62,"column":3}},"line":27},"3":{"name":"(anonymous_3)","decl":{"start":{"line":64,"column":2},"end":{"line":64,"column":3}},"loc":{"start":{"line":64,"column":23},"end":{"line":79,"column":3}},"line":64},"4":{"name":"(anonymous_4)","decl":{"start":{"line":81,"column":2},"end":{"line":81,"column":3}},"loc":{"start":{"line":81,"column":21},"end":{"line":106,"column":3}},"line":81}},"branchMap":{"0":{"loc":{"start":{"line":29,"column":4},"end":{"line":31,"column":5}},"type":"if","locations":[{"start":{"line":29,"column":4},"end":{"line":31,"column":5}},{"start":{},"end":{}}],"line":29},"1":{"loc":{"start":{"line":43,"column":4},"end":{"line":43,"column":71}},"type":"if","locations":[{"start":{"line":43,"column":4},"end":{"line":43,"column":71}},{"start":{},"end":{}}],"line":43},"2":{"loc":{"start":{"line":50,"column":32},"end":{"line":50,"column":67}},"type":"cond-expr","locations":[{"start":{"line":50,"column":45},"end":{"line":50,"column":62}},{"start":{"line":50,"column":65},"end":{"line":50,"column":67}}],"line":50},"3":{"loc":{"start":{"line":50,"column":70},"end":{"line":50,"column":107}},"type":"cond-expr","locations":[{"start":{"line":50,"column":84},"end":{"line":50,"column":102}},{"start":{"line":50,"column":105},"end":{"line":50,"column":107}}],"line":50},"4":{"loc":{"start":{"line":73,"column":4},"end":{"line":73,"column":29}},"type":"if","locations":[{"start":{"line":73,"column":4},"end":{"line":73,"column":29}},{"start":{},"end":{}}],"line":73},"5":{"loc":{"start":{"line":76,"column":4},"end":{"line":76,"column":64}},"type":"if","locations":[{"start":{"line":76,"column":4},"end":{"line":76,"column":64}},{"start":{},"end":{}}],"line":76},"6":{"loc":{"start":{"line":76,"column":8},"end":{"line":76,"column":50}},"type":"binary-expr","locations":[{"start":{"line":76,"column":8},"end":{"line":76,"column":21}},{"start":{"line":76,"column":25},"end":{"line":76,"column":50}}],"line":76},"7":{"loc":{"start":{"line":105,"column":11},"end":{"line":105,"column":33}},"type":"binary-expr","locations":[{"start":{"line":105,"column":11},"end":{"line":105,"column":20}},{"start":{"line":105,"column":24},"end":{"line":105,"column":33}}],"line":105}},"s":{"0":0,"1":0,"2":0,"3":0,"4":0,"5":0,"6":0,"7":0,"8":0,"9":0,"10":0,"11":0,"12":0,"13":0,"14":0,"15":0,"16":0,"17":0,"18":0,"19":0,"20":0,"21":0,"22":0,"23":0,"24":0,"25":0,"26":0,"27":0,"28":0,"29":0,"30":0,"31":0},"f":{"0":0,"1":0,"2":0,"3":0,"4":0},"b":{"0":[0,0],"1":[0,0],"2":[0,0],"3":[0,0],"4":[0,0],"5":[0,0],"6":[0,0],"7":[0,0]}}
,"C:\\ai automation\\telegram-bot\\src\\tools\\webSearch.js": {"path":"C:\\ai automation\\telegram-bot\\src\\tools\\webSearch.js","statementMap":{"0":{"start":{"line":1,"column":17},"end":{"line":1,"column":34}},"1":{"start":{"line":3,"column":19},"end":{"line":3,"column":54}},"2":{"start":{"line":7,"column":4},"end":{"line":10,"column":6}},"3":{"start":{"line":14,"column":4},"end":{"line":27,"column":6}},"4":{"start":{"line":31,"column":17},"end":{"line":31,"column":50}},"5":{"start":{"line":33,"column":16},"end":{"line":41,"column":6}},"6":{"start":{"line":43,"column":4},"end":{"line":43,"column":66}},"7":{"start":{"line":43,"column":17},"end":{"line":43,"column":66}},"8":{"start":{"line":45,"column":17},"end":{"line":45,"column":33}},"9":{"start":{"line":46,"column":20},"end":{"line":46,"column":57}},"10":{"start":{"line":48,"column":4},"end":{"line":48,"column":57}},"11":{"start":{"line":48,"column":30},"end":{"line":48,"column":57}},"12":{"start":{"line":50,"column":4},"end":{"line":50,"column":143}},"13":{"start":{"line":50,"column":74},"end":{"line":50,"column":126}},"14":{"start":{"line":54,"column":20},"end":{"line":54,"column":22}},"15":{"start":{"line":55,"column":22},"end":{"line":55,"column":90}},"16":{"start":{"line":56,"column":25},"end":{"line":56,"column":80}},"17":{"start":{"line":58,"column":18},"end":{"line":58,"column":20}},"18":{"start":{"line":60,"column":4},"end":{"line":62,"column":5}},"19":{"start":{"line":61,"column":6},"end":{"line":61,"column":70}},"20":{"start":{"line":64,"column":21},"end":{"line":64,"column":23}},"21":{"start":{"line":65,"column":4},"end":{"line":67,"column":5}},"22":{"start":{"line":66,"column":6},"end":{"line":66,"column":47}},"23":{"start":{"line":69,"column":4},"end":{"line":75,"column":5}},"24":{"start":{"line":69,"column":17},"end":{"line":69,"column":18}},"25":{"start":{"line":70,"column":6},"end":{"line":74,"column":9}},"26":{"start":{"line":77,"column":4},"end":{"line":77,"column":19}},"27":{"start":{"line":81,"column":4},"end":{"line":89,"column":14}},"28":{"start":{"line":93,"column":0},"end":{"line":93,"column":31}}},"fnMap":{"0":{"name":"(anonymous_0)","decl":{"start":{"line":6,"column":2},"end":{"line":6,"column":3}},"loc":{"start":{"line":6,"column":16},"end":{"line":11,"column":3}},"line":6},"1":{"name":"(anonymous_1)","decl":{"start":{"line":13,"column":2},"end":{"line":13,"column":3}},"loc":{"start":{"line":13,"column":24},"end":{"line":28,"column":3}},"line":13},"2":{"name":"(anonymous_2)","decl":{"start":{"line":30,"column":2},"end":{"line":30,"column":3}},"loc":{"start":{"line":30,"column":44},"end":{"line":51,"column":3}},"line":30},"3":{"name":"(anonymous_3)","decl":{"start":{"line":50,"column":64},"end":{"line":50,"column":65}},"loc":{"start":{"line":50,"column":74},"end":{"line":50,"column":126}},"line":50},"4":{"name":"(anonymous_4)","decl":{"start":{"line":53,"column":2},"end":{"line":53,"column":3}},"loc":{"start":{"line":53,"column":27},"end":{"line":78,"column":3}},"line":53},"5":{"name":"(anonymous_5)","decl":{"start":{"line":80,"column":2},"end":{"line":80,"column":3}},"loc":{"start":{"line":80,"column":18},"end":{"line":90,"column":3}},"line":80}},"branchMap":{"0":{"loc":{"start":{"line":30,"column":25},"end":{"line":30,"column":40}},"type":"default-arg","locations":[{"start":{"line":30,"column":39},"end":{"line":30,"column":40}}],"line":30},"1":{"loc":{"start":{"line":43,"column":4},"end":{"line":43,"column":66}},"type":"if","locations":[{"start":{"line":43,"column":4},"end":{"line":43,"column":66}},{"start":{},"end":{}}],"line":43},"2":{"loc":{"start":{"line":48,"column":4},"end":{"line":48,"column":57}},"type":"if","locations":[{"start":{"line":48,"column":4},"end":{"line":48,"column":57}},{"start":{},"end":{}}],"line":48},"3":{"loc":{"start":{"line":60,"column":11},"end":{"line":60,"column":72}},"type":"binary-expr","locations":[{"start":{"line":60,"column":11},"end":{"line":60,"column":50}},{"start":{"line":60,"column":54},"end":{"line":60,"column":72}}],"line":60},"4":{"loc":{"start":{"line":65,"column":11},"end":{"line":65,"column":78}},"type":"binary-expr","locations":[{"start":{"line":65,"column":11},"end":{"line":65,"column":53}},{"start":{"line":65,"column":57},"end":{"line":65,"column":78}}],"line":65},"5":{"loc":{"start":{"line":73,"column":17},"end":{"line":73,"column":34}},"type":"binary-expr","locations":[{"start":{"line":73,"column":17},"end":{"line":73,"column":28}},{"start":{"line":73,"column":32},"end":{"line":73,"column":34}}],"line":73}},"s":{"0":0,"1":0,"2":0,"3":0,"4":0,"5":0,"6":0,"7":0,"8":0,"9":0,"10":0,"11":0,"12":0,"13":0,"14":0,"15":0,"16":0,"17":0,"18":0,"19":0,"20":0,"21":0,"22":0,"23":0,"24":0,"25":0,"26":0,"27":0,"28":0},"f":{"0":0,"1":0,"2":0,"3":0,"4":0,"5":0},"b":{"0":[0],"1":[0,0],"2":[0,0],"3":[0,0],"4":[0,0],"5":[0,0]}}
}
